0 info it worked if it ends with ok
1 verbose cli [ '/usr/local/bin/node',
1 verbose cli   '/usr/local/bin/npm',
1 verbose cli   'install',
1 verbose cli   'npm',
1 verbose cli   'install',
1 verbose cli   'babel',
1 verbose cli   'webpack',
1 verbose cli   'webpack-dev-server',
1 verbose cli   '-g' ]
2 info using npm@1.4.14
3 info using node@v0.10.29
4 verbose cache add [ 'npm', null ]
5 verbose cache add name=undefined spec="npm" args=["npm",null]
6 verbose parsed url { protocol: null,
6 verbose parsed url   slashes: null,
6 verbose parsed url   auth: null,
6 verbose parsed url   host: null,
6 verbose parsed url   port: null,
6 verbose parsed url   hostname: null,
6 verbose parsed url   hash: null,
6 verbose parsed url   search: null,
6 verbose parsed url   query: null,
6 verbose parsed url   pathname: 'npm',
6 verbose parsed url   path: 'npm',
6 verbose parsed url   href: 'npm' }
7 verbose cache add [ 'install', null ]
8 verbose cache add name=undefined spec="install" args=["install",null]
9 verbose parsed url { protocol: null,
9 verbose parsed url   slashes: null,
9 verbose parsed url   auth: null,
9 verbose parsed url   host: null,
9 verbose parsed url   port: null,
9 verbose parsed url   hostname: null,
9 verbose parsed url   hash: null,
9 verbose parsed url   search: null,
9 verbose parsed url   query: null,
9 verbose parsed url   pathname: 'install',
9 verbose parsed url   path: 'install',
9 verbose parsed url   href: 'install' }
10 verbose cache add [ 'babel', null ]
11 verbose cache add name=undefined spec="babel" args=["babel",null]
12 verbose parsed url { protocol: null,
12 verbose parsed url   slashes: null,
12 verbose parsed url   auth: null,
12 verbose parsed url   host: null,
12 verbose parsed url   port: null,
12 verbose parsed url   hostname: null,
12 verbose parsed url   hash: null,
12 verbose parsed url   search: null,
12 verbose parsed url   query: null,
12 verbose parsed url   pathname: 'babel',
12 verbose parsed url   path: 'babel',
12 verbose parsed url   href: 'babel' }
13 verbose cache add [ 'webpack', null ]
14 verbose cache add name=undefined spec="webpack" args=["webpack",null]
15 verbose parsed url { protocol: null,
15 verbose parsed url   slashes: null,
15 verbose parsed url   auth: null,
15 verbose parsed url   host: null,
15 verbose parsed url   port: null,
15 verbose parsed url   hostname: null,
15 verbose parsed url   hash: null,
15 verbose parsed url   search: null,
15 verbose parsed url   query: null,
15 verbose parsed url   pathname: 'webpack',
15 verbose parsed url   path: 'webpack',
15 verbose parsed url   href: 'webpack' }
16 verbose cache add [ 'webpack-dev-server', null ]
17 verbose cache add name=undefined spec="webpack-dev-server" args=["webpack-dev-server",null]
18 verbose parsed url { protocol: null,
18 verbose parsed url   slashes: null,
18 verbose parsed url   auth: null,
18 verbose parsed url   host: null,
18 verbose parsed url   port: null,
18 verbose parsed url   hostname: null,
18 verbose parsed url   hash: null,
18 verbose parsed url   search: null,
18 verbose parsed url   query: null,
18 verbose parsed url   pathname: 'webpack-dev-server',
18 verbose parsed url   path: 'webpack-dev-server',
18 verbose parsed url   href: 'webpack-dev-server' }
19 silly lockFile 660051d1-npm npm
20 verbose lock npm /Users/tmerry/.npm/660051d1-npm.lock
21 silly lockFile 89fb511f-install install
22 verbose lock install /Users/tmerry/.npm/89fb511f-install.lock
23 silly lockFile cad160f3-babel babel
24 verbose lock babel /Users/tmerry/.npm/cad160f3-babel.lock
25 silly lockFile 057b6197-webpack webpack
26 verbose lock webpack /Users/tmerry/.npm/057b6197-webpack.lock
27 silly lockFile c567c02f-webpack-dev-server webpack-dev-server
28 verbose lock webpack-dev-server /Users/tmerry/.npm/c567c02f-webpack-dev-server.lock
29 silly lockFile 660051d1-npm npm
30 silly lockFile 660051d1-npm npm
31 silly lockFile 89fb511f-install install
32 silly lockFile 89fb511f-install install
33 silly lockFile cad160f3-babel babel
34 silly lockFile cad160f3-babel babel
35 silly lockFile 057b6197-webpack webpack
36 silly lockFile 057b6197-webpack webpack
37 verbose addNamed [ 'npm', '' ]
38 verbose addNamed [ null, '*' ]
39 silly lockFile 2f990b75-npm npm@
40 verbose lock npm@ /Users/tmerry/.npm/2f990b75-npm.lock
41 verbose addNamed [ 'webpack', '' ]
42 verbose addNamed [ null, '*' ]
43 silly lockFile 9c8dd08b-webpack webpack@
44 verbose lock webpack@ /Users/tmerry/.npm/9c8dd08b-webpack.lock
45 verbose addNamed [ 'install', '' ]
46 verbose addNamed [ null, '*' ]
47 silly lockFile cadb329f-install install@
48 verbose lock install@ /Users/tmerry/.npm/cadb329f-install.lock
49 verbose addNamed [ 'babel', '' ]
50 verbose addNamed [ null, '*' ]
51 silly lockFile 8d1f9cea-babel babel@
52 verbose lock babel@ /Users/tmerry/.npm/8d1f9cea-babel.lock
53 silly lockFile c567c02f-webpack-dev-server webpack-dev-server
54 silly lockFile c567c02f-webpack-dev-server webpack-dev-server
55 silly addNameRange { name: 'npm', range: '*', hasData: false }
56 silly addNameRange { name: 'webpack', range: '*', hasData: false }
57 silly addNameRange { name: 'install', range: '*', hasData: false }
58 silly addNameRange { name: 'babel', range: '*', hasData: false }
59 verbose addNamed [ 'webpack-dev-server', '' ]
60 verbose addNamed [ null, '*' ]
61 silly lockFile b579fb99-webpack-dev-server webpack-dev-server@
62 verbose lock webpack-dev-server@ /Users/tmerry/.npm/b579fb99-webpack-dev-server.lock
63 verbose url raw npm
64 verbose url resolving [ 'https://registry.npmjs.org/', './npm' ]
65 verbose url resolved https://registry.npmjs.org/npm
66 info trying registry request attempt 1 at 21:18:48
67 http GET https://registry.npmjs.org/npm
68 verbose url raw babel
69 verbose url resolving [ 'https://registry.npmjs.org/', './babel' ]
70 verbose url resolved https://registry.npmjs.org/babel
71 info trying registry request attempt 1 at 21:18:48
72 http GET https://registry.npmjs.org/babel
73 silly addNameRange { name: 'webpack-dev-server', range: '*', hasData: false }
74 verbose url raw install
75 verbose url resolving [ 'https://registry.npmjs.org/', './install' ]
76 verbose url resolved https://registry.npmjs.org/install
77 info trying registry request attempt 1 at 21:18:48
78 verbose etag "E366EZ1PP0PRHGRS019U820V3"
79 http GET https://registry.npmjs.org/install
80 verbose url raw webpack
81 verbose url resolving [ 'https://registry.npmjs.org/', './webpack' ]
82 verbose url resolved https://registry.npmjs.org/webpack
83 info trying registry request attempt 1 at 21:18:48
84 verbose etag "4ZAILIOJR6WVKXZQ5JV6F4PTA"
85 http GET https://registry.npmjs.org/webpack
86 verbose url raw webpack-dev-server
87 verbose url resolving [ 'https://registry.npmjs.org/', './webpack-dev-server' ]
88 verbose url resolved https://registry.npmjs.org/webpack-dev-server
89 info trying registry request attempt 1 at 21:18:49
90 verbose etag "E4GJHQSME7UJRF3OQUVSNCZZF"
91 http GET https://registry.npmjs.org/webpack-dev-server
92 http 200 https://registry.npmjs.org/install
93 silly registry.get cb [ 200,
93 silly registry.get   { server: 'CouchDB/1.5.0 (Erlang OTP/R16B03)',
93 silly registry.get     etag: '"5WU61S1LDJAJWR2DQVXJSEUIT"',
93 silly registry.get     'content-type': 'application/json',
93 silly registry.get     'cache-control': 'max-age=60',
93 silly registry.get     'content-length': '18808',
93 silly registry.get     'accept-ranges': 'bytes',
93 silly registry.get     date: 'Mon, 16 Nov 2015 04:18:49 GMT',
93 silly registry.get     via: '1.1 varnish',
93 silly registry.get     age: '0',
93 silly registry.get     connection: 'keep-alive',
93 silly registry.get     'x-served-by': 'cache-dfw1824-DFW',
93 silly registry.get     'x-cache': 'HIT',
93 silly registry.get     'x-cache-hits': '1',
93 silly registry.get     'x-timer': 'S1447647529.524206,VS0,VE64',
93 silly registry.get     vary: 'Accept' } ]
94 silly addNameRange number 2 { name: 'install', range: '*', hasData: true }
95 silly addNameRange versions [ 'install',
95 silly addNameRange   [ '0.1.1',
95 silly addNameRange     '0.1.2',
95 silly addNameRange     '0.1.3',
95 silly addNameRange     '0.1.4',
95 silly addNameRange     '0.1.5',
95 silly addNameRange     '0.1.6',
95 silly addNameRange     '0.1.7',
95 silly addNameRange     '0.1.8',
95 silly addNameRange     '0.2.1',
95 silly addNameRange     '0.2.2',
95 silly addNameRange     '0.2.3',
95 silly addNameRange     '0.2.4',
95 silly addNameRange     '0.2.5',
95 silly addNameRange     '0.2.6',
95 silly addNameRange     '0.3.0' ] ]
96 verbose addNamed [ 'install', '0.3.0' ]
97 verbose addNamed [ '0.3.0', '0.3.0' ]
98 silly lockFile b074e566-install-0-3-0 install@0.3.0
99 verbose lock install@0.3.0 /Users/tmerry/.npm/b074e566-install-0-3-0.lock
100 silly lockFile f218075c-js-org-install-install-0-3-0-tgz https://registry.npmjs.org/install/-/install-0.3.0.tgz
101 verbose lock https://registry.npmjs.org/install/-/install-0.3.0.tgz /Users/tmerry/.npm/f218075c-js-org-install-install-0-3-0-tgz.lock
102 verbose addRemoteTarball [ 'https://registry.npmjs.org/install/-/install-0.3.0.tgz',
102 verbose addRemoteTarball   'aba652b4239c991780b499b95db459f6cfab009c' ]
103 info retry fetch attempt 1 at 21:18:49
104 verbose fetch to= /var/folders/sc/9vpy6g051sg0r9xddtgz4z3r0000gp/T/npm-12280-AHaw4APA/registry.npmjs.org/install/-/install-0.3.0.tgz
105 http GET https://registry.npmjs.org/install/-/install-0.3.0.tgz
106 http 200 https://registry.npmjs.org/babel
107 silly registry.get cb [ 200,
107 silly registry.get   { server: 'CouchDB/1.5.0 (Erlang OTP/R16B03)',
107 silly registry.get     etag: '"AX5YMB4DSRYVAJS11BT1FZ02K"',
107 silly registry.get     'content-type': 'application/json',
107 silly registry.get     'cache-control': 'max-age=60',
107 silly registry.get     'content-length': '230591',
107 silly registry.get     'accept-ranges': 'bytes',
107 silly registry.get     date: 'Mon, 16 Nov 2015 04:18:49 GMT',
107 silly registry.get     via: '1.1 varnish',
107 silly registry.get     age: '37',
107 silly registry.get     connection: 'keep-alive',
107 silly registry.get     'x-served-by': 'cache-dfw1826-DFW',
107 silly registry.get     'x-cache': 'HIT',
107 silly registry.get     'x-cache-hits': '1',
107 silly registry.get     'x-timer': 'S1447647529.523000,VS0,VE1',
107 silly registry.get     vary: 'Accept' } ]
108 silly addNameRange number 2 { name: 'babel', range: '*', hasData: true }
109 silly addNameRange versions [ 'babel',
109 silly addNameRange   [ '0.0.1',
109 silly addNameRange     '4.0.1',
109 silly addNameRange     '4.0.2',
109 silly addNameRange     '4.1.1',
109 silly addNameRange     '4.2.0',
109 silly addNameRange     '4.2.1',
109 silly addNameRange     '4.3.0',
109 silly addNameRange     '4.4.1',
109 silly addNameRange     '4.4.2',
109 silly addNameRange     '4.4.3',
109 silly addNameRange     '4.4.4',
109 silly addNameRange     '4.4.5',
109 silly addNameRange     '4.4.6',
109 silly addNameRange     '4.5.0',
109 silly addNameRange     '4.5.1',
109 silly addNameRange     '4.5.2',
109 silly addNameRange     '4.5.3',
109 silly addNameRange     '4.5.4',
109 silly addNameRange     '4.5.5',
109 silly addNameRange     '4.6.0',
109 silly addNameRange     '4.6.1',
109 silly addNameRange     '4.6.3',
109 silly addNameRange     '4.6.4',
109 silly addNameRange     '4.6.5',
109 silly addNameRange     '4.6.6',
109 silly addNameRange     '4.7.0',
109 silly addNameRange     '4.7.1',
109 silly addNameRange     '4.7.2',
109 silly addNameRange     '4.7.3',
109 silly addNameRange     '4.7.4',
109 silly addNameRange     '4.7.5',
109 silly addNameRange     '4.7.6',
109 silly addNameRange     '4.7.7',
109 silly addNameRange     '4.7.8',
109 silly addNameRange     '4.7.9',
109 silly addNameRange     '4.7.10',
109 silly addNameRange     '4.7.11',
109 silly addNameRange     '4.7.12',
109 silly addNameRange     '4.7.13',
109 silly addNameRange     '4.7.14',
109 silly addNameRange     '4.7.15',
109 silly addNameRange     '4.7.16',
109 silly addNameRange     '5.0.0-beta2',
109 silly addNameRange     '5.0.0-beta3',
109 silly addNameRange     '5.0.0-beta4',
109 silly addNameRange     '5.0.0',
109 silly addNameRange     '5.0.1',
109 silly addNameRange     '5.0.2',
109 silly addNameRange     '5.0.3',
109 silly addNameRange     '5.0.4',
109 silly addNameRange     '5.0.5',
109 silly addNameRange     '5.0.6',
109 silly addNameRange     '5.0.7',
109 silly addNameRange     '5.0.8',
109 silly addNameRange     '5.0.9',
109 silly addNameRange     '5.0.10',
109 silly addNameRange     '5.0.11',
109 silly addNameRange     '5.0.12',
109 silly addNameRange     '5.0.13',
109 silly addNameRange     '5.1.0',
109 silly addNameRange     '5.1.1',
109 silly addNameRange     '5.1.2',
109 silly addNameRange     '5.1.3',
109 silly addNameRange     '5.1.4',
109 silly addNameRange     '5.1.5',
109 silly addNameRange     '5.1.6',
109 silly addNameRange     '5.1.7',
109 silly addNameRange     '5.1.8',
109 silly addNameRange     '5.1.9',
109 silly addNameRange     '5.1.10',
109 silly addNameRange     '5.1.11',
109 silly addNameRange     '5.1.12',
109 silly addNameRange     '5.1.13',
109 silly addNameRange     '5.2.0',
109 silly addNameRange     '5.2.1',
109 silly addNameRange     '5.2.2',
109 silly addNameRange     '5.2.3',
109 silly addNameRange     '5.2.4',
109 silly addNameRange     '5.2.5',
109 silly addNameRange     '5.2.6',
109 silly addNameRange     '5.2.7',
109 silly addNameRange     '5.2.9',
109 silly addNameRange     '5.2.10',
109 silly addNameRange     '5.2.11',
109 silly addNameRange     '5.2.12',
109 silly addNameRange     '5.2.13',
109 silly addNameRange     '5.2.14',
109 silly addNameRange     '5.2.15',
109 silly addNameRange     '5.2.16',
109 silly addNameRange     '5.2.17',
109 silly addNameRange     '5.3.0',
109 silly addNameRange     '5.3.1',
109 silly addNameRange     '5.3.2',
109 silly addNameRange     '5.3.3',
109 silly addNameRange     '5.4.0',
109 silly addNameRange     '5.4.1',
109 silly addNameRange     '5.4.2',
109 silly addNameRange     '5.4.3',
109 silly addNameRange     '5.4.4',
109 silly addNameRange     '5.4.5',
109 silly addNameRange     '5.4.6',
109 silly addNameRange     '5.4.7',
109 silly addNameRange     '5.5.0',
109 silly addNameRange     '5.5.1',
109 silly addNameRange     '5.5.2',
109 silly addNameRange     '5.5.3',
109 silly addNameRange     '5.5.4',
109 silly addNameRange     '5.5.5',
109 silly addNameRange     '5.5.6',
109 silly addNameRange     '5.5.7',
109 silly addNameRange     '5.5.8',
109 silly addNameRange     '5.6.1',
109 silly addNameRange     '5.6.2',
109 silly addNameRange     '5.6.3',
109 silly addNameRange     '5.6.4',
109 silly addNameRange     '5.6.5',
109 silly addNameRange     '5.6.6',
109 silly addNameRange     '5.6.7',
109 silly addNameRange     '5.6.10',
109 silly addNameRange     '5.6.11',
109 silly addNameRange     '5.6.12',
109 silly addNameRange     '5.6.14',
109 silly addNameRange     '5.6.23',
109 silly addNameRange     '5.8.2',
109 silly addNameRange     '5.8.3',
109 silly addNameRange     '5.8.5',
109 silly addNameRange     '5.8.6',
109 silly addNameRange     '5.8.8',
109 silly addNameRange     '5.8.9',
109 silly addNameRange     '5.8.12',
109 silly addNameRange     '5.8.19',
109 silly addNameRange     '5.8.20',
109 silly addNameRange     '5.8.21',
109 silly addNameRange     '5.8.23',
109 silly addNameRange     '5.8.29',
109 silly addNameRange     '6.0.0',
109 silly addNameRange     '6.0.2',
109 silly addNameRange     '6.0.12',
109 silly addNameRange     '6.0.14',
109 silly addNameRange     '6.0.15',
109 silly addNameRange     '5.8.34',
109 silly addNameRange     '6.1.5',
109 silly addNameRange     '6.1.6',
109 silly addNameRange     '6.1.7',
109 silly addNameRange     '6.1.8',
109 silly addNameRange     '6.1.9',
109 silly addNameRange     '6.1.10',
109 silly addNameRange     '6.1.11',
109 silly addNameRange     '6.1.12',
109 silly addNameRange     '6.1.13',
109 silly addNameRange     '6.1.14',
109 silly addNameRange     '6.1.15',
109 silly addNameRange     '6.1.16',
109 silly addNameRange     '6.1.17',
109 silly addNameRange     '6.1.18' ] ]
110 verbose addNamed [ 'babel', '6.1.18' ]
111 verbose addNamed [ '6.1.18', '6.1.18' ]
112 silly lockFile f1e77e9d-babel-6-1-18 babel@6.1.18
113 verbose lock babel@6.1.18 /Users/tmerry/.npm/f1e77e9d-babel-6-1-18.lock
114 silly lockFile 9b9ae2ab-npmjs-org-babel-babel-6-1-18-tgz https://registry.npmjs.org/babel/-/babel-6.1.18.tgz
115 verbose lock https://registry.npmjs.org/babel/-/babel-6.1.18.tgz /Users/tmerry/.npm/9b9ae2ab-npmjs-org-babel-babel-6-1-18-tgz.lock
116 verbose addRemoteTarball [ 'https://registry.npmjs.org/babel/-/babel-6.1.18.tgz',
116 verbose addRemoteTarball   '65997701beb11fdb4f41c5abb73876e652c8adc5' ]
117 info retry fetch attempt 1 at 21:18:49
118 verbose fetch to= /var/folders/sc/9vpy6g051sg0r9xddtgz4z3r0000gp/T/npm-12280-AHaw4APA/registry.npmjs.org/babel/-/babel-6.1.18.tgz
119 http GET https://registry.npmjs.org/babel/-/babel-6.1.18.tgz
120 http 200 https://registry.npmjs.org/babel/-/babel-6.1.18.tgz
121 http 200 https://registry.npmjs.org/webpack-dev-server
122 silly registry.get cb [ 200,
122 silly registry.get   { server: 'CouchDB/1.5.0 (Erlang OTP/R16B03)',
122 silly registry.get     etag: '"1L73S0B8OB031CMPP5XWRPZL6"',
122 silly registry.get     'content-type': 'application/json',
122 silly registry.get     'cache-control': 'max-age=60',
122 silly registry.get     'content-length': '93366',
122 silly registry.get     'accept-ranges': 'bytes',
122 silly registry.get     date: 'Mon, 16 Nov 2015 04:18:49 GMT',
122 silly registry.get     via: '1.1 varnish',
122 silly registry.get     age: '0',
122 silly registry.get     connection: 'keep-alive',
122 silly registry.get     'x-served-by': 'cache-dfw1823-DFW',
122 silly registry.get     'x-cache': 'HIT',
122 silly registry.get     'x-cache-hits': '1',
122 silly registry.get     'x-timer': 'S1447647529.525313,VS0,VE191',
122 silly registry.get     vary: 'Accept' } ]
123 silly addNameRange number 2 { name: 'webpack-dev-server', range: '*', hasData: true }
124 silly addNameRange versions [ 'webpack-dev-server',
124 silly addNameRange   [ '0.6.0',
124 silly addNameRange     '0.6.1',
124 silly addNameRange     '0.6.2',
124 silly addNameRange     '0.7.0',
124 silly addNameRange     '0.7.1',
124 silly addNameRange     '0.7.2',
124 silly addNameRange     '0.8.0',
124 silly addNameRange     '0.8.1',
124 silly addNameRange     '0.8.2',
124 silly addNameRange     '0.9.0',
124 silly addNameRange     '0.9.1',
124 silly addNameRange     '0.9.2',
124 silly addNameRange     '0.9.3',
124 silly addNameRange     '0.9.4',
124 silly addNameRange     '0.10.0',
124 silly addNameRange     '0.10.1',
124 silly addNameRange     '0.11.0',
124 silly addNameRange     '0.11.1',
124 silly addNameRange     '1.0.0',
124 silly addNameRange     '1.0.1',
124 silly addNameRange     '1.0.2',
124 silly addNameRange     '1.1.0',
124 silly addNameRange     '1.2.0',
124 silly addNameRange     '1.2.1',
124 silly addNameRange     '1.2.2',
124 silly addNameRange     '1.2.3',
124 silly addNameRange     '1.2.4',
124 silly addNameRange     '1.2.5',
124 silly addNameRange     '1.2.6',
124 silly addNameRange     '1.2.7',
124 silly addNameRange     '1.2.8',
124 silly addNameRange     '1.2.9',
124 silly addNameRange     '1.3.0',
124 silly addNameRange     '1.3.1',
124 silly addNameRange     '1.3.2',
124 silly addNameRange     '1.4.0',
124 silly addNameRange     '1.4.1',
124 silly addNameRange     '1.4.2',
124 silly addNameRange     '1.4.3',
124 silly addNameRange     '1.4.4',
124 silly addNameRange     '1.4.5',
124 silly addNameRange     '1.4.6',
124 silly addNameRange     '1.4.7',
124 silly addNameRange     '1.4.9',
124 silly addNameRange     '1.4.10',
124 silly addNameRange     '1.5.0',
124 silly addNameRange     '1.6.0',
124 silly addNameRange     '1.6.1',
124 silly addNameRange     '1.6.2',
124 silly addNameRange     '1.6.3',
124 silly addNameRange     '1.6.4',
124 silly addNameRange     '1.6.5',
124 silly addNameRange     '1.6.6',
124 silly addNameRange     '1.7.0',
124 silly addNameRange     '1.8.0',
124 silly addNameRange     '1.8.1',
124 silly addNameRange     '1.8.2',
124 silly addNameRange     '1.9.0',
124 silly addNameRange     '1.10.0',
124 silly addNameRange     '1.10.1',
124 silly addNameRange     '1.11.0',
124 silly addNameRange     '1.12.0',
124 silly addNameRange     '1.12.1' ] ]
125 verbose addNamed [ 'webpack-dev-server', '1.12.1' ]
126 verbose addNamed [ '1.12.1', '1.12.1' ]
127 silly lockFile a7746271-webpack-dev-server-1-12-1 webpack-dev-server@1.12.1
128 verbose lock webpack-dev-server@1.12.1 /Users/tmerry/.npm/a7746271-webpack-dev-server-1-12-1.lock
129 silly lockFile 33184cf0-er-webpack-dev-server-1-12-1-tgz https://registry.npmjs.org/webpack-dev-server/-/webpack-dev-server-1.12.1.tgz
130 verbose lock https://registry.npmjs.org/webpack-dev-server/-/webpack-dev-server-1.12.1.tgz /Users/tmerry/.npm/33184cf0-er-webpack-dev-server-1-12-1-tgz.lock
131 verbose addRemoteTarball [ 'https://registry.npmjs.org/webpack-dev-server/-/webpack-dev-server-1.12.1.tgz',
131 verbose addRemoteTarball   'c6dc855520c8ee9cba9256241b3390c1348b0d5c' ]
132 info retry fetch attempt 1 at 21:18:50
133 verbose fetch to= /var/folders/sc/9vpy6g051sg0r9xddtgz4z3r0000gp/T/npm-12280-AHaw4APA/registry.npmjs.org/webpack-dev-server/-/webpack-dev-server-1.12.1.tgz
134 http GET https://registry.npmjs.org/webpack-dev-server/-/webpack-dev-server-1.12.1.tgz
135 http 200 https://registry.npmjs.org/webpack
136 silly registry.get cb [ 200,
136 silly registry.get   { server: 'CouchDB/1.5.0 (Erlang OTP/R16B03)',
136 silly registry.get     etag: '"79LCCOM1N51PU1R6Y0RIJJV8X"',
136 silly registry.get     'content-type': 'application/json',
136 silly registry.get     'cache-control': 'max-age=60',
136 silly registry.get     'content-length': '707286',
136 silly registry.get     'accept-ranges': 'bytes',
136 silly registry.get     date: 'Mon, 16 Nov 2015 04:18:49 GMT',
136 silly registry.get     via: '1.1 varnish',
136 silly registry.get     age: '0',
136 silly registry.get     connection: 'keep-alive',
136 silly registry.get     'x-served-by': 'cache-dfw1820-DFW',
136 silly registry.get     'x-cache': 'HIT',
136 silly registry.get     'x-cache-hits': '1',
136 silly registry.get     'x-timer': 'S1447647529.520981,VS0,VE50',
136 silly registry.get     vary: 'Accept' } ]
137 silly addNameRange number 2 { name: 'webpack', range: '*', hasData: true }
138 silly addNameRange versions [ 'webpack',
138 silly addNameRange   [ '0.1.0',
138 silly addNameRange     '0.1.1',
138 silly addNameRange     '0.1.2',
138 silly addNameRange     '0.1.3',
138 silly addNameRange     '0.1.4',
138 silly addNameRange     '0.1.5',
138 silly addNameRange     '0.1.6',
138 silly addNameRange     '0.2.0',
138 silly addNameRange     '0.2.1',
138 silly addNameRange     '0.2.2',
138 silly addNameRange     '0.2.3',
138 silly addNameRange     '0.2.4',
138 silly addNameRange     '0.2.6',
138 silly addNameRange     '0.2.7',
138 silly addNameRange     '0.2.8',
138 silly addNameRange     '0.3.0',
138 silly addNameRange     '0.3.1',
138 silly addNameRange     '0.3.2',
138 silly addNameRange     '0.3.3',
138 silly addNameRange     '0.3.4',
138 silly addNameRange     '0.3.6',
138 silly addNameRange     '0.3.7',
138 silly addNameRange     '0.3.8',
138 silly addNameRange     '0.3.9',
138 silly addNameRange     '0.3.10',
138 silly addNameRange     '0.3.11',
138 silly addNameRange     '0.3.12',
138 silly addNameRange     '0.3.13',
138 silly addNameRange     '0.3.14',
138 silly addNameRange     '0.3.15',
138 silly addNameRange     '0.3.16',
138 silly addNameRange     '0.3.17',
138 silly addNameRange     '0.3.18',
138 silly addNameRange     '0.3.19',
138 silly addNameRange     '0.3.20',
138 silly addNameRange     '0.4.0',
138 silly addNameRange     '0.4.1',
138 silly addNameRange     '0.4.2',
138 silly addNameRange     '0.4.3',
138 silly addNameRange     '0.4.4',
138 silly addNameRange     '0.4.5',
138 silly addNameRange     '0.4.6',
138 silly addNameRange     '0.4.7',
138 silly addNameRange     '0.4.8',
138 silly addNameRange     '0.4.9',
138 silly addNameRange     '0.4.10',
138 silly addNameRange     '0.4.11',
138 silly addNameRange     '0.4.12',
138 silly addNameRange     '0.4.13',
138 silly addNameRange     '0.4.14',
138 silly addNameRange     '0.4.15',
138 silly addNameRange     '0.4.16',
138 silly addNameRange     '0.4.17',
138 silly addNameRange     '0.4.18',
138 silly addNameRange     '0.4.19',
138 silly addNameRange     '0.4.20',
138 silly addNameRange     '0.4.21',
138 silly addNameRange     '0.4.23',
138 silly addNameRange     '0.4.24',
138 silly addNameRange     '0.4.25',
138 silly addNameRange     '0.5.0',
138 silly addNameRange     '0.5.1',
138 silly addNameRange     '0.5.2',
138 silly addNameRange     '0.5.3',
138 silly addNameRange     '0.5.4',
138 silly addNameRange     '0.5.5',
138 silly addNameRange     '0.5.6',
138 silly addNameRange     '0.5.7',
138 silly addNameRange     '0.5.8',
138 silly addNameRange     '0.5.10',
138 silly addNameRange     '0.6.0',
138 silly addNameRange     '0.6.1',
138 silly addNameRange     '0.6.2',
138 silly addNameRange     '0.7.0-beta',
138 silly addNameRange     '0.7.0-beta2',
138 silly addNameRange     '0.7.0-beta3',
138 silly addNameRange     '0.7.0-beta4',
138 silly addNameRange     '0.7.0-beta5',
138 silly addNameRange     '0.7.0-beta6',
138 silly addNameRange     '0.7.0-beta7',
138 silly addNameRange     '0.7.0-beta8',
138 silly addNameRange     '0.7.0',
138 silly addNameRange     '0.7.1',
138 silly addNameRange     '0.7.2',
138 silly addNameRange     '0.7.3',
138 silly addNameRange     '0.7.4',
138 silly addNameRange     '0.7.5',
138 silly addNameRange     '0.7.6',
138 silly addNameRange     '0.7.7',
138 silly addNameRange     '0.7.8',
138 silly addNameRange     '0.7.9',
138 silly addNameRange     '0.7.11',
138 silly addNameRange     '0.7.12',
138 silly addNameRange     '0.7.13',
138 silly addNameRange     '0.7.14',
138 silly addNameRange     '0.7.15',
138 silly addNameRange     '0.7.16',
138 silly addNameRange     '0.7.17',
138 silly addNameRange     '0.8.0-beta1',
138 silly addNameRange     '0.8.0-beta2',
138 silly addNameRange     '0.8.0-beta3',
138 silly addNameRange     '0.8.0-beta4',
138 silly addNameRange     '0.8.0',
138 silly addNameRange     '0.8.2',
138 silly addNameRange     '0.8.3',
138 silly addNameRange     '0.9.0-beta1',
138 silly addNameRange     '0.9.0-beta2',
138 silly addNameRange     '0.9.0-beta4',
138 silly addNameRange     '0.9.0-beta5',
138 silly addNameRange     '0.9.0-beta6',
138 silly addNameRange     '0.9.0-beta7',
138 silly addNameRange     '0.9.0-beta8',
138 silly addNameRange     '0.9.0-beta9',
138 silly addNameRange     '0.9.0-beta10',
138 silly addNameRange     '0.9.0-beta11',
138 silly addNameRange     '0.9.0-beta12',
138 silly addNameRange     '0.9.0-beta13',
138 silly addNameRange     '0.9.0-beta14',
138 silly addNameRange     '0.9.0-beta15',
138 silly addNameRange     '0.9.0-beta16',
138 silly addNameRange     '0.9.0-beta17',
138 silly addNameRange     '0.9.0-beta18',
138 silly addNameRange     '0.9.0-beta19',
138 silly addNameRange     '0.9.0-beta20',
138 silly addNameRange     '0.9.0-beta21',
138 silly addNameRange     '0.9.0-beta22',
138 silly addNameRange     '0.9.0-beta23',
138 silly addNameRange     '0.9.0-beta24',
138 silly addNameRange     '0.9.0-beta25',
138 silly addNameRange     '0.9.0-beta26',
138 silly addNameRange     '0.9.0-beta27',
138 silly addNameRange     '0.9.0-beta28',
138 silly addNameRange     '0.9.0-beta29',
138 silly addNameRange     '0.9.0-beta30',
138 silly addNameRange     '0.9.0-beta31',
138 silly addNameRange     '0.9.0-beta32',
138 silly addNameRange     '0.9.0-beta33',
138 silly addNameRange     '0.9.0-beta34',
138 silly addNameRange     '0.9.0-beta35',
138 silly addNameRange     '0.9.0-beta36',
138 silly addNameRange     '0.9.0-beta37',
138 silly addNameRange     '0.9.0-beta38',
138 silly addNameRange     '0.9.0',
138 silly addNameRange     '0.9.1',
138 silly addNameRange     '0.9.2',
138 silly addNameRange     '0.9.3',
138 silly addNameRange     '0.10.0-beta2',
138 silly addNameRange     '0.10.0-beta3',
138 silly addNameRange     '0.10.0-beta5',
138 silly addNameRange     '0.10.0-beta6',
138 silly addNameRange     '0.10.0-beta7',
138 silly addNameRange     '0.10.0-beta8',
138 silly addNameRange     '0.10.0-beta9',
138 silly addNameRange     '0.10.0-beta10',
138 silly addNameRange     '0.10.0-beta11',
138 silly addNameRange     '0.10.0-beta12',
138 silly addNameRange     '0.10.0-beta13',
138 silly addNameRange     '0.10.0-beta14',
138 silly addNameRange     '0.10.0-beta15',
138 silly addNameRange     '0.10.0-beta16',
138 silly addNameRange     '0.10.0-beta17',
138 silly addNameRange     '0.10.0-beta18',
138 silly addNameRange     '0.10.0-beta19',
138 silly addNameRange     '0.10.0-beta20',
138 silly addNameRange     '0.10.0-beta21',
138 silly addNameRange     '0.10.0-beta22',
138 silly addNameRange     '0.10.0-beta23',
138 silly addNameRange     '0.10.0-beta24',
138 silly addNameRange     '0.10.0-beta25',
138 silly addNameRange     '0.10.0',
138 silly addNameRange     '0.11.0-beta1',
138 silly addNameRange     '0.11.0-beta2',
138 silly addNameRange     '0.11.0-beta3',
138 silly addNameRange     '0.11.0-beta4',
138 silly addNameRange     '0.11.0-beta5',
138 silly addNameRange     '0.11.0-beta6',
138 silly addNameRange     '0.11.0-beta7',
138 silly addNameRange     '0.11.0-beta8',
138 silly addNameRange     '0.11.0-beta9',
138 silly addNameRange     '0.11.0-beta10',
138 silly addNameRange     '0.11.0-beta11',
138 silly addNameRange     '0.11.0-beta12',
138 silly addNameRange     '0.11.0-beta13',
138 silly addNameRange     '0.11.0-beta14',
138 silly addNameRange     '0.11.0-beta15',
138 silly addNameRange     '0.11.0-beta16',
138 silly addNameRange     '0.11.0-beta17',
138 silly addNameRange     '0.11.0-beta18',
138 silly addNameRange     '0.11.0-beta19',
138 silly addNameRange     '0.11.0-beta20',
138 silly addNameRange     '0.11.0-beta21',
138 silly addNameRange     '0.11.0-beta22',
138 silly addNameRange     '0.11.0-beta23',
138 silly addNameRange     '0.11.0-beta24',
138 silly addNameRange     '0.11.0-beta25',
138 silly addNameRange     '0.11.0-beta26',
138 silly addNameRange     '0.11.0-beta27',
138 silly addNameRange     '0.11.0-beta28',
138 silly addNameRange     '0.11.0-beta29',
138 silly addNameRange     '0.11.0',
138 silly addNameRange     '0.11.1',
138 silly addNameRange     '0.11.2',
138 silly addNameRange     '0.11.3',
138 silly addNameRange     '0.11.4',
138 silly addNameRange     '0.11.5',
138 silly addNameRange     '0.11.6',
138 silly addNameRange     '0.11.7',
138 silly addNameRange     '0.11.8',
138 silly addNameRange     '0.11.9',
138 silly addNameRange     '0.11.10',
138 silly addNameRange     '0.11.11',
138 silly addNameRange     '0.11.12',
138 silly addNameRange     '0.11.13',
138 silly addNameRange     '0.11.14',
138 silly addNameRange     '0.11.15',
138 silly addNameRange     '1.0.0-beta1',
138 silly addNameRange     '1.0.0-beta2',
138 silly addNameRange     '1.0.0-beta3',
138 silly addNameRange     '1.0.0-beta4',
138 silly addNameRange     '0.11.16',
138 silly addNameRange     '0.11.17',
138 silly addNameRange     '0.11.18',
138 silly addNameRange     '1.0.0-beta5',
138 silly addNameRange     '1.0.0-beta6',
138 silly addNameRange     '1.0.0-beta7',
138 silly addNameRange     '1.0.0-beta8',
138 silly addNameRange     '1.0.0-beta9',
138 silly addNameRange     '1.0.0-rc1',
138 silly addNameRange     '1.0.0-rc2',
138 silly addNameRange     '1.0.0-rc3',
138 silly addNameRange     '1.0.0-rc4',
138 silly addNameRange     '1.0.0-rc5',
138 silly addNameRange     '1.0.0-rc7',
138 silly addNameRange     '1.0.0-rc8',
138 silly addNameRange     '1.0.0-rc9',
138 silly addNameRange     '1.0.0-rc11',
138 silly addNameRange     '1.0.0-rc12',
138 silly addNameRange     '1.0.0',
138 silly addNameRange     '1.0.1',
138 silly addNameRange     '1.0.3',
138 silly addNameRange     '1.0.4',
138 silly addNameRange     '1.0.5',
138 silly addNameRange     '1.1.0-beta1',
138 silly addNameRange     '1.1.0-beta2',
138 silly addNameRange     '1.1.0-beta3',
138 silly addNameRange     '1.1.0-beta4',
138 silly addNameRange     '1.1.0-beta5',
138 silly addNameRange     '1.1.0-beta6',
138 silly addNameRange     '1.1.0-beta7',
138 silly addNameRange     '1.1.0-beta8',
138 silly addNameRange     '1.1.0-beta9',
138 silly addNameRange     '1.1.0-beta10',
138 silly addNameRange     '1.1.0-beta12',
138 silly addNameRange     '1.1.0',
138 silly addNameRange     '1.1.1',
138 silly addNameRange     '1.1.2',
138 silly addNameRange     '1.1.3',
138 silly addNameRange     '1.1.4',
138 silly addNameRange     '1.1.5',
138 silly addNameRange     '1.1.6',
138 silly addNameRange     '1.1.7',
138 silly addNameRange     '1.1.8',
138 silly addNameRange     '1.1.9',
138 silly addNameRange     '1.1.10',
138 silly addNameRange     '1.1.11',
138 silly addNameRange     '1.2.0-beta1',
138 silly addNameRange     '1.2.0-beta2',
138 silly addNameRange     '1.2.0-beta4',
138 silly addNameRange     '1.2.0-beta5',
138 silly addNameRange     '1.2.0-beta6',
138 silly addNameRange     '1.3.0-beta1',
138 silly addNameRange     '1.3.0-beta2',
138 silly addNameRange     '1.3.0-beta3',
138 silly addNameRange     '1.3.0-beta4',
138 silly addNameRange     '1.3.0-beta5',
138 silly addNameRange     '1.3.0-beta6',
138 silly addNameRange     '1.3.0-beta7',
138 silly addNameRange     '1.3.0-beta8',
138 silly addNameRange     '1.3.0-beta9',
138 silly addNameRange     '1.3.1-beta1',
138 silly addNameRange     '1.3.1-beta2',
138 silly addNameRange     '1.3.1-beta3',
138 silly addNameRange     '1.3.1-beta4',
138 silly addNameRange     '1.3.1-beta5',
138 silly addNameRange     '1.3.1-beta6',
138 silly addNameRange     '1.3.1-beta7',
138 silly addNameRange     '1.3.1-beta8',
138 silly addNameRange     '1.3.1-beta9',
138 silly addNameRange     '1.3.2-beta1',
138 silly addNameRange     '1.3.2-beta2',
138 silly addNameRange     '1.3.2-beta3',
138 silly addNameRange     '1.3.2-beta4',
138 silly addNameRange     '1.3.2-beta5',
138 silly addNameRange     '1.3.2-beta6',
138 silly addNameRange     '1.3.2-beta7',
138 silly addNameRange     '1.3.2-beta8',
138 silly addNameRange     '1.3.2-beta9',
138 silly addNameRange     '1.3.3-beta1',
138 silly addNameRange     '1.3.3-beta2',
138 silly addNameRange     '1.3.4',
138 silly addNameRange     '1.3.5',
138 silly addNameRange     '1.3.6',
138 silly addNameRange     '1.3.7',
138 silly addNameRange     '1.4.0-beta1',
138 silly addNameRange     '1.4.0-beta2',
138 silly addNameRange     '1.4.0-beta3',
138 silly addNameRange     '1.4.0-beta4',
138 silly addNameRange     '1.4.0-beta5',
138 silly addNameRange     '1.4.0-beta6',
138 silly addNameRange     '1.4.0-beta7',
138 silly addNameRange     '1.4.0-beta8',
138 silly addNameRange     '1.4.0-beta9',
138 silly addNameRange     '1.4.0-beta10',
138 silly addNameRange     '1.4.1-beta1',
138 silly addNameRange     '1.4.2',
138 silly addNameRange     '1.4.3',
138 silly addNameRange     '1.4.4',
138 silly addNameRange     '1.4.5',
138 silly addNameRange     '1.4.6',
138 silly addNameRange     '1.4.7',
138 silly addNameRange     '1.4.8',
138 silly addNameRange     '1.4.9',
138 silly addNameRange     '1.4.10',
138 silly addNameRange     '1.4.11',
138 silly addNameRange     '1.4.12',
138 silly addNameRange     '1.4.13',
138 silly addNameRange     '1.4.14',
138 silly addNameRange     '1.4.15',
138 silly addNameRange     '1.5.0',
138 silly addNameRange     '1.5.1',
138 silly addNameRange     '1.5.2',
138 silly addNameRange     '1.5.3',
138 silly addNameRange     '1.6.0',
138 silly addNameRange     '1.7.0',
138 silly addNameRange     '1.7.1',
138 silly addNameRange     '1.7.2',
138 silly addNameRange     '1.7.3',
138 silly addNameRange     '1.8.0',
138 silly addNameRange     '1.8.1',
138 silly addNameRange     '1.8.2',
138 silly addNameRange     '1.8.3',
138 silly addNameRange     '1.8.4',
138 silly addNameRange     '1.8.5',
138 silly addNameRange     '1.8.6',
138 silly addNameRange     '1.8.7',
138 silly addNameRange     '1.8.8',
138 silly addNameRange     '1.8.9',
138 silly addNameRange     '1.8.10',
138 silly addNameRange     '1.8.11',
138 silly addNameRange     '1.9.0',
138 silly addNameRange     '1.9.1',
138 silly addNameRange     '1.9.2',
138 silly addNameRange     '1.9.3',
138 silly addNameRange     '1.9.4',
138 silly addNameRange     '1.9.5',
138 silly addNameRange     '1.9.6',
138 silly addNameRange     '1.9.7',
138 silly addNameRange     '1.9.8',
138 silly addNameRange     '1.9.9',
138 silly addNameRange     '1.9.10',
138 silly addNameRange     '1.9.11',
138 silly addNameRange     '1.9.12',
138 silly addNameRange     '1.9.13',
138 silly addNameRange     '1.10.0',
138 silly addNameRange     '1.10.1',
138 silly addNameRange     '1.10.2',
138 silly addNameRange     '1.10.3',
138 silly addNameRange     '1.10.4',
138 silly addNameRange     '1.10.5',
138 silly addNameRange     '1.11.0',
138 silly addNameRange     '1.12.0',
138 silly addNameRange     '1.12.1',
138 silly addNameRange     '1.12.2',
138 silly addNameRange     '2.0.0-beta',
138 silly addNameRange     '1.12.3',
138 silly addNameRange     '1.12.4',
138 silly addNameRange     '1.12.5',
138 silly addNameRange     '1.12.6' ] ]
139 verbose addNamed [ 'webpack', '1.12.6' ]
140 verbose addNamed [ '1.12.6', '1.12.6' ]
141 silly lockFile e7053d71-webpack-1-12-6 webpack@1.12.6
142 verbose lock webpack@1.12.6 /Users/tmerry/.npm/e7053d71-webpack-1-12-6.lock
143 silly lockFile f820e7c6-s-org-webpack-webpack-1-12-6-tgz https://registry.npmjs.org/webpack/-/webpack-1.12.6.tgz
144 verbose lock https://registry.npmjs.org/webpack/-/webpack-1.12.6.tgz /Users/tmerry/.npm/f820e7c6-s-org-webpack-webpack-1-12-6-tgz.lock
145 verbose addRemoteTarball [ 'https://registry.npmjs.org/webpack/-/webpack-1.12.6.tgz',
145 verbose addRemoteTarball   '66cee3fc18a29d428809995cc76fd66dfc4df14a' ]
146 info retry fetch attempt 1 at 21:18:50
147 verbose fetch to= /var/folders/sc/9vpy6g051sg0r9xddtgz4z3r0000gp/T/npm-12280-AHaw4APA/registry.npmjs.org/webpack/-/webpack-1.12.6.tgz
148 http GET https://registry.npmjs.org/webpack/-/webpack-1.12.6.tgz
149 http 200 https://registry.npmjs.org/webpack-dev-server/-/webpack-dev-server-1.12.1.tgz
150 http 200 https://registry.npmjs.org/webpack/-/webpack-1.12.6.tgz
151 silly lockFile 33184cf0-er-webpack-dev-server-1-12-1-tgz https://registry.npmjs.org/webpack-dev-server/-/webpack-dev-server-1.12.1.tgz
152 silly lockFile 33184cf0-er-webpack-dev-server-1-12-1-tgz https://registry.npmjs.org/webpack-dev-server/-/webpack-dev-server-1.12.1.tgz
153 silly lockFile a7746271-webpack-dev-server-1-12-1 webpack-dev-server@1.12.1
154 silly lockFile a7746271-webpack-dev-server-1-12-1 webpack-dev-server@1.12.1
155 silly lockFile b579fb99-webpack-dev-server webpack-dev-server@
156 silly lockFile b579fb99-webpack-dev-server webpack-dev-server@
157 silly lockFile f820e7c6-s-org-webpack-webpack-1-12-6-tgz https://registry.npmjs.org/webpack/-/webpack-1.12.6.tgz
158 silly lockFile f820e7c6-s-org-webpack-webpack-1-12-6-tgz https://registry.npmjs.org/webpack/-/webpack-1.12.6.tgz
159 silly lockFile e7053d71-webpack-1-12-6 webpack@1.12.6
160 silly lockFile e7053d71-webpack-1-12-6 webpack@1.12.6
161 silly lockFile 9c8dd08b-webpack webpack@
162 silly lockFile 9c8dd08b-webpack webpack@
163 http 200 https://registry.npmjs.org/install/-/install-0.3.0.tgz
164 silly lockFile f218075c-js-org-install-install-0-3-0-tgz https://registry.npmjs.org/install/-/install-0.3.0.tgz
165 silly lockFile f218075c-js-org-install-install-0-3-0-tgz https://registry.npmjs.org/install/-/install-0.3.0.tgz
166 silly lockFile b074e566-install-0-3-0 install@0.3.0
167 silly lockFile b074e566-install-0-3-0 install@0.3.0
168 silly lockFile cadb329f-install install@
169 silly lockFile cadb329f-install install@
170 silly lockFile 9b9ae2ab-npmjs-org-babel-babel-6-1-18-tgz https://registry.npmjs.org/babel/-/babel-6.1.18.tgz
171 silly lockFile 9b9ae2ab-npmjs-org-babel-babel-6-1-18-tgz https://registry.npmjs.org/babel/-/babel-6.1.18.tgz
172 silly lockFile f1e77e9d-babel-6-1-18 babel@6.1.18
173 silly lockFile f1e77e9d-babel-6-1-18 babel@6.1.18
174 silly lockFile 8d1f9cea-babel babel@
175 silly lockFile 8d1f9cea-babel babel@
176 http 200 https://registry.npmjs.org/npm
177 silly registry.get cb [ 200,
177 silly registry.get   { server: 'CouchDB/1.5.0 (Erlang OTP/R16B03)',
177 silly registry.get     etag: '"54GP3DE4QF6ZGR2QKDSAR7KSW"',
177 silly registry.get     'content-type': 'application/json',
177 silly registry.get     'cache-control': 'max-age=60',
177 silly registry.get     'content-length': '3746920',
177 silly registry.get     'accept-ranges': 'bytes',
177 silly registry.get     date: 'Mon, 16 Nov 2015 04:18:49 GMT',
177 silly registry.get     via: '1.1 varnish',
177 silly registry.get     age: '20',
177 silly registry.get     connection: 'keep-alive',
177 silly registry.get     'x-served-by': 'cache-dfw1826-DFW',
177 silly registry.get     'x-cache': 'HIT',
177 silly registry.get     'x-cache-hits': '1',
177 silly registry.get     'x-timer': 'S1447647529.524975,VS0,VE12',
177 silly registry.get     vary: 'Accept' } ]
178 silly addNameRange number 2 { name: 'npm', range: '*', hasData: true }
179 silly addNameRange versions [ 'npm',
179 silly addNameRange   [ '1.1.25',
179 silly addNameRange     '1.2.32',
179 silly addNameRange     '1.3.2',
179 silly addNameRange     '1.3.4',
179 silly addNameRange     '1.2.20',
179 silly addNameRange     '1.2.21',
179 silly addNameRange     '1.2.22',
179 silly addNameRange     '1.2.23',
179 silly addNameRange     '1.2.24',
179 silly addNameRange     '1.2.25',
179 silly addNameRange     '1.2.27',
179 silly addNameRange     '1.2.28',
179 silly addNameRange     '1.2.30',
179 silly addNameRange     '1.2.31',
179 silly addNameRange     '1.3.0',
179 silly addNameRange     '1.3.1',
179 silly addNameRange     '1.2.19',
179 silly addNameRange     '1.1.70',
179 silly addNameRange     '1.1.71',
179 silly addNameRange     '1.3.5',
179 silly addNameRange     '1.3.6',
179 silly addNameRange     '1.3.7',
179 silly addNameRange     '1.3.8',
179 silly addNameRange     '1.3.9',
179 silly addNameRange     '1.3.10',
179 silly addNameRange     '1.3.11',
179 silly addNameRange     '1.3.12',
179 silly addNameRange     '1.3.13',
179 silly addNameRange     '1.3.14',
179 silly addNameRange     '1.3.15',
179 silly addNameRange     '1.3.16',
179 silly addNameRange     '1.3.17',
179 silly addNameRange     '1.3.18',
179 silly addNameRange     '1.3.20',
179 silly addNameRange     '1.3.21',
179 silly addNameRange     '1.3.22',
179 silly addNameRange     '1.3.23',
179 silly addNameRange     '1.3.24',
179 silly addNameRange     '1.3.25',
179 silly addNameRange     '1.3.26',
179 silly addNameRange     '1.4.0',
179 silly addNameRange     '1.4.1',
179 silly addNameRange     '1.4.2',
179 silly addNameRange     '1.4.3',
179 silly addNameRange     '1.4.4',
179 silly addNameRange     '1.4.5',
179 silly addNameRange     '1.4.6',
179 silly addNameRange     '1.4.7',
179 silly addNameRange     '1.4.8',
179 silly addNameRange     '1.4.9',
179 silly addNameRange     '1.4.10',
179 silly addNameRange     '1.4.11',
179 silly addNameRange     '1.4.12',
179 silly addNameRange     '1.4.13',
179 silly addNameRange     '1.4.14',
179 silly addNameRange     '1.4.15',
179 silly addNameRange     '1.4.16',
179 silly addNameRange     '1.2.8000',
179 silly addNameRange     '1.4.17',
179 silly addNameRange     '1.4.18',
179 silly addNameRange     '1.4.19',
179 silly addNameRange     '1.5.0-alpha-0',
179 silly addNameRange     '1.5.0-alpha-1',
179 silly addNameRange     '1.4.20',
179 silly addNameRange     '1.5.0-alpha-2',
179 silly addNameRange     '1.4.21',
179 silly addNameRange     '1.5.0-alpha-3',
179 silly addNameRange     '1.5.0-alpha-4',
179 silly addNameRange     '2.0.0-alpha-5',
179 silly addNameRange     '1.4.22',
179 silly addNameRange     '1.4.23',
179 silly addNameRange     '2.0.0-alpha.6.0',
179 silly addNameRange     '1.4.24',
179 silly addNameRange     '2.0.0-alpha.6',
179 silly addNameRange     '2.0.0-alpha.7',
179 silly addNameRange     '2.0.0-beta.0',
179 silly addNameRange     '1.4.25',
179 silly addNameRange     '2.0.0-beta.1',
179 silly addNameRange     '1.4.26',
179 silly addNameRange     '2.0.0-beta.2',
179 silly addNameRange     '1.4.27',
179 silly addNameRange     '2.0.0-beta.3',
179 silly addNameRange     '1.4.28',
179 silly addNameRange     '2.0.0',
179 silly addNameRange     '2.0.1',
179 silly addNameRange     '2.0.2',
179 silly addNameRange     '2.1.0',
179 silly addNameRange     '2.1.1',
179 silly addNameRange     '2.1.2',
179 silly addNameRange     '2.1.3',
179 silly addNameRange     '2.1.4',
179 silly addNameRange     '2.1.5',
179 silly addNameRange     '2.1.6',
179 silly addNameRange     '2.1.7',
179 silly addNameRange     '2.1.8',
179 silly addNameRange     '2.1.9',
179 silly addNameRange     '2.1.10',
179 silly addNameRange     '2.1.11',
179 silly addNameRange     '2.1.12',
179 silly addNameRange     '2.1.13',
179 silly addNameRange     '2.1.14',
179 silly addNameRange     '2.1.15',
179 silly addNameRange     '2.1.16',
179 silly addNameRange     '2.1.17',
179 silly addNameRange     '2.1.18',
179 silly addNameRange     '2.2.0',
179 silly addNameRange     '2.3.0',
179 silly addNameRange     '2.4.0',
179 silly addNameRange     '2.4.1',
179 silly addNameRange     '2.5.0',
179 silly addNameRange     '2.5.1',
179 silly addNameRange     '2.6.0',
179 silly addNameRange     '2.6.1',
179 silly addNameRange     '2.7.0',
179 silly addNameRange     '2.7.1',
179 silly addNameRange     '2.7.2',
179 silly addNameRange     '2.7.3',
179 silly addNameRange     '2.7.4',
179 silly addNameRange     '2.7.5',
179 silly addNameRange     '2.7.6',
179 silly addNameRange     '2.8.0',
179 silly addNameRange     '2.8.1',
179 silly addNameRange     '2.8.2',
179 silly addNameRange     '2.8.3',
179 silly addNameRange     '2.8.4',
179 silly addNameRange     '2.9.0',
179 silly addNameRange     '2.9.1',
179 silly addNameRange     '2.10.0',
179 silly addNameRange     '2.10.1',
179 silly addNameRange     '2.11.0',
179 silly addNameRange     '2.11.1',
179 silly addNameRange     '2.11.2',
179 silly addNameRange     '2.11.3',
179 silly addNameRange     '2.12.0',
179 silly addNameRange     '3.0.0',
179 silly addNameRange     '2.12.1',
179 silly addNameRange     '2.13.0',
179 silly addNameRange     '3.1.0',
179 silly addNameRange     '2.13.1',
179 silly addNameRange     '3.1.1',
179 silly addNameRange     '3.1.2',
179 silly addNameRange     '2.13.2',
179 silly addNameRange     '3.1.3',
179 silly addNameRange     '2.13.3',
179 silly addNameRange     '3.2.0',
179 silly addNameRange     '2.13.4',
179 silly addNameRange     '3.2.1',
179 silly addNameRange     '2.13.5',
179 silly addNameRange     '3.2.2',
179 silly addNameRange     '2.14.0',
179 silly addNameRange     '3.3.0',
179 silly addNameRange     '2.14.1',
179 silly addNameRange     '2.14.2',
179 silly addNameRange     '3.3.1',
179 silly addNameRange     '2.14.3',
179 silly addNameRange     '3.3.2',
179 silly addNameRange     '2.14.4',
179 silly addNameRange     '3.3.3',
179 silly addNameRange     '2.14.5',
179 silly addNameRange     '3.3.4',
179 silly addNameRange     '2.14.6',
179 silly addNameRange     '3.3.5',
179 silly addNameRange     '3.3.6',
179 silly addNameRange     '2.14.7',
179 silly addNameRange     '2.14.8',
179 silly addNameRange     '3.3.7',
179 silly addNameRange     '3.3.8',
179 silly addNameRange     '3.3.9',
179 silly addNameRange     '3.3.10',
179 silly addNameRange     '2.14.9',
179 silly addNameRange     '3.3.11',
179 silly addNameRange     '1.4.29',
179 silly addNameRange     '3.3.12',
179 silly addNameRange     '2.14.10',
179 silly addNameRange     '3.4.0',
179 silly addNameRange     '3.4.1',
179 silly addNameRange     '2.14.11' ] ]
180 verbose addNamed [ 'npm', '3.4.0' ]
181 verbose addNamed [ '3.4.0', '3.4.0' ]
182 silly lockFile 49ff4804-npm-3-4-0 npm@3.4.0
183 verbose lock npm@3.4.0 /Users/tmerry/.npm/49ff4804-npm-3-4-0.lock
184 silly lockFile 59dac2c1-stry-npmjs-org-npm-npm-3-4-0-tgz https://registry.npmjs.org/npm/-/npm-3.4.0.tgz
185 verbose lock https://registry.npmjs.org/npm/-/npm-3.4.0.tgz /Users/tmerry/.npm/59dac2c1-stry-npmjs-org-npm-npm-3-4-0-tgz.lock
186 verbose addRemoteTarball [ 'https://registry.npmjs.org/npm/-/npm-3.4.0.tgz',
186 verbose addRemoteTarball   '6b561d38ee95877a2128e739021874b77cbb4e5c' ]
187 info retry fetch attempt 1 at 21:18:54
188 verbose fetch to= /var/folders/sc/9vpy6g051sg0r9xddtgz4z3r0000gp/T/npm-12280-AHaw4APA/registry.npmjs.org/npm/-/npm-3.4.0.tgz
189 http GET https://registry.npmjs.org/npm/-/npm-3.4.0.tgz
190 http 200 https://registry.npmjs.org/npm/-/npm-3.4.0.tgz
191 silly lockFile 59dac2c1-stry-npmjs-org-npm-npm-3-4-0-tgz https://registry.npmjs.org/npm/-/npm-3.4.0.tgz
192 silly lockFile 59dac2c1-stry-npmjs-org-npm-npm-3-4-0-tgz https://registry.npmjs.org/npm/-/npm-3.4.0.tgz
193 silly lockFile 49ff4804-npm-3-4-0 npm@3.4.0
194 silly lockFile 49ff4804-npm-3-4-0 npm@3.4.0
195 silly lockFile 2f990b75-npm npm@
196 silly lockFile 2f990b75-npm npm@
197 silly resolved [ { name: 'webpack-dev-server',
197 silly resolved     version: '1.12.1',
197 silly resolved     author: { name: 'Tobias Koppers @sokra' },
197 silly resolved     description: 'Serves a webpack app. Updates the browser on changes.',
197 silly resolved     peerDependencies: { webpack: '^1.3.0' },
197 silly resolved     dependencies:
197 silly resolved      { compression: '^1.5.2',
197 silly resolved        'connect-history-api-fallback': '1.1.0',
197 silly resolved        express: '^4.13.3',
197 silly resolved        'http-proxy': '^1.11.2',
197 silly resolved        optimist: '~0.6.0',
197 silly resolved        'serve-index': '^1.7.2',
197 silly resolved        'socket.io': '^1.3.6',
197 silly resolved        'socket.io-client': '^1.3.6',
197 silly resolved        'stream-cache': '~0.0.1',
197 silly resolved        'strip-ansi': '^3.0.0',
197 silly resolved        'supports-color': '^3.1.1',
197 silly resolved        'webpack-dev-middleware': '^1.2.0' },
197 silly resolved     devDependencies:
197 silly resolved      { 'css-loader': '~0.18.0',
197 silly resolved        'file-loader': '~0.8.4',
197 silly resolved        jade: '^1.11.0',
197 silly resolved        'jade-loader': '~0.7.1',
197 silly resolved        less: '^2.5.1',
197 silly resolved        'less-loader': '~2.2.0',
197 silly resolved        'style-loader': '~0.12.3',
197 silly resolved        'url-loader': '~0.5.6',
197 silly resolved        webpack: '^1.12.1' },
197 silly resolved     license: 'MIT',
197 silly resolved     repository:
197 silly resolved      { type: 'git',
197 silly resolved        url: 'git://github.com/webpack/webpack-dev-server.git' },
197 silly resolved     homepage: 'http://github.com/webpack/webpack-dev-server',
197 silly resolved     main: 'lib/Server.js',
197 silly resolved     bin: { 'webpack-dev-server': 'bin/webpack-dev-server.js' },
197 silly resolved     files: [ 'lib/', 'bin', 'client/', 'ssl/' ],
197 silly resolved     scripts: { prepublish: 'webpack ./client/live.js client/live.bundle.js --colors --config client/webpack.config.js -p && webpack ./client/index.js client/index.bundle.js --colors --config client/webpack.config.js -p' },
197 silly resolved     gitHead: '24b356ec1610ea6d7033b3e01bb7b09429612ba5',
197 silly resolved     bugs: { url: 'https://github.com/webpack/webpack-dev-server/issues' },
197 silly resolved     _id: 'webpack-dev-server@1.12.1',
197 silly resolved     _shasum: 'c6dc855520c8ee9cba9256241b3390c1348b0d5c',
197 silly resolved     _from: 'webpack-dev-server@',
197 silly resolved     _npmVersion: '3.3.3',
197 silly resolved     _nodeVersion: '4.0.0',
197 silly resolved     _npmUser: { name: 'sokra', email: 'tobias.koppers@googlemail.com' },
197 silly resolved     dist:
197 silly resolved      { shasum: 'c6dc855520c8ee9cba9256241b3390c1348b0d5c',
197 silly resolved        tarball: 'http://registry.npmjs.org/webpack-dev-server/-/webpack-dev-server-1.12.1.tgz' },
197 silly resolved     maintainers: [ [Object], [Object] ],
197 silly resolved     directories: {},
197 silly resolved     _resolved: 'https://registry.npmjs.org/webpack-dev-server/-/webpack-dev-server-1.12.1.tgz' },
197 silly resolved   { name: 'webpack',
197 silly resolved     version: '1.12.6',
197 silly resolved     author: { name: 'Tobias Koppers @sokra' },
197 silly resolved     description: 'Packs CommonJs/AMD modules for the browser. Allows to split your codebase into multiple bundles, which can be loaded on demand. Support loaders to preprocess files, i.e. json, jade, coffee, css, less, ... and your custom stuff.',
197 silly resolved     dependencies:
197 silly resolved      { async: '^1.3.0',
197 silly resolved        clone: '^1.0.2',
197 silly resolved        'enhanced-resolve': '~0.9.0',
197 silly resolved        esprima: '^2.5.0',
197 silly resolved        interpret: '^0.6.4',
197 silly resolved        'loader-utils': '^0.2.11',
197 silly resolved        'memory-fs': '~0.2.0',
197 silly resolved        mkdirp: '~0.5.0',
197 silly resolved        'node-libs-browser': '>= 0.4.0 <=0.6.0',
197 silly resolved        optimist: '~0.6.0',
197 silly resolved        'supports-color': '^3.1.0',
197 silly resolved        tapable: '~0.1.8',
197 silly resolved        'uglify-js': '~2.6.0',
197 silly resolved        watchpack: '^0.2.1',
197 silly resolved        'webpack-core': '~0.6.0' },
197 silly resolved     license: 'MIT',
197 silly resolved     devDependencies:
197 silly resolved      { benchmark: '^1.0.0',
197 silly resolved        'bundle-loader': '~0.5.0',
197 silly resolved        'codecov.io': '^0.1.2',
197 silly resolved        'coffee-loader': '~0.7.1',
197 silly resolved        'coffee-script': '^1.10.0',
197 silly resolved        'component-webpack-plugin': '~0.2.0',
197 silly resolved        coveralls: '^2.11.2',
197 silly resolved        'css-loader': '~0.15.0',
197 silly resolved        diff: '^2.0.2',
197 silly resolved        eslint: '^1.1.0',
197 silly resolved        'eslint-plugin-nodeca': '^1.0.3',
197 silly resolved        express: '~4.13.1',
197 silly resolved        'extract-text-webpack-plugin': '~0.8.0',
197 silly resolved        'file-loader': '~0.8.0',
197 silly resolved        glob: '^5.0.14',
197 silly resolved        'i18n-webpack-plugin': '~0.2.0',
197 silly resolved        istanbul: '^0.3.13',
197 silly resolved        jade: '^1.11.0',
197 silly resolved        'jade-loader': '~0.7.0',
197 silly resolved        'js-beautify': '^1.5.10',
197 silly resolved        'json-loader': '~0.5.1',
197 silly resolved        less: '^2.5.1',
197 silly resolved        'less-loader': '^2.0.0',
197 silly resolved        mocha: '~2.2.0',
197 silly resolved        'mocha-lcov-reporter': '0.0.2',
197 silly resolved        'raw-loader': '~0.5.0',
197 silly resolved        'script-loader': '~0.6.0',
197 silly resolved        should: '^7.0.2',
197 silly resolved        'style-loader': '~0.12.0',
197 silly resolved        'url-loader': '~0.5.0',
197 silly resolved        'val-loader': '~0.5.0',
197 silly resolved        'vm-browserify': '~0.0.0',
197 silly resolved        'webpack-dev-middleware': '^1.0.0',
197 silly resolved        'worker-loader': '~0.6.0' },
197 silly resolved     engines: { node: '>=0.6' },
197 silly resolved     repository:
197 silly resolved      { type: 'git',
197 silly resolved        url: 'git+https://github.com/webpack/webpack.git' },
197 silly resolved     homepage: 'https://github.com/webpack/webpack',
197 silly resolved     main: 'lib/webpack.js',
197 silly resolved     web: 'lib/webpack.web.js',
197 silly resolved     bin: { webpack: './bin/webpack.js' },
197 silly resolved     files: [ 'lib/', 'bin/', 'buildin/', 'hot/', 'web_modules/' ],
197 silly resolved     scripts:
197 silly resolved      { pretest: 'npm run lint && npm run beautify-lint',
197 silly resolved        test: 'mocha',
197 silly resolved        travis: 'npm run cover -- --report lcovonly',
197 silly resolved        lint: 'eslint lib bin hot scripts',
197 silly resolved        'beautify-lint': 'node ./scripts/beautify-check',
197 silly resolved        beautify: 'node ./scripts/beautify-rewrite',
197 silly resolved        precover: 'npm run lint && npm run beautify-lint',
197 silly resolved        cover: 'istanbul cover -x *.runtime.js node_modules/mocha/bin/_mocha',
197 silly resolved        'publish-patch': 'mocha && npm version patch && git push && git push --tags && npm publish' },
197 silly resolved     gitHead: '7c3e68e8df03cdcef7a6102f61ed4b8cc91cda78',
197 silly resolved     bugs: { url: 'https://github.com/webpack/webpack/issues' },
197 silly resolved     _id: 'webpack@1.12.6',
197 silly resolved     _shasum: '66cee3fc18a29d428809995cc76fd66dfc4df14a',
197 silly resolved     _from: 'webpack@',
197 silly resolved     _npmVersion: '2.10.1',
197 silly resolved     _nodeVersion: '0.12.4',
197 silly resolved     _npmUser: { name: 'sokra', email: 'tobias.koppers@googlemail.com' },
197 silly resolved     maintainers: [ [Object] ],
197 silly resolved     dist:
197 silly resolved      { shasum: '66cee3fc18a29d428809995cc76fd66dfc4df14a',
197 silly resolved        tarball: 'http://registry.npmjs.org/webpack/-/webpack-1.12.6.tgz' },
197 silly resolved     directories: {},
197 silly resolved     _resolved: 'https://registry.npmjs.org/webpack/-/webpack-1.12.6.tgz' },
197 silly resolved   { author: { name: 'Ben Newman', email: 'bn@cs.stanford.edu' },
197 silly resolved     name: 'install',
197 silly resolved     description: 'Minimal JavaScript module loader',
197 silly resolved     keywords:
197 silly resolved      [ 'modules',
197 silly resolved        'require',
197 silly resolved        'commonjs',
197 silly resolved        'exports',
197 silly resolved        'browser',
197 silly resolved        'packaging',
197 silly resolved        'packager',
197 silly resolved        'install' ],
197 silly resolved     version: '0.3.0',
197 silly resolved     license: 'MIT',
197 silly resolved     homepage: 'http://github.com/benjamn/install',
197 silly resolved     repository: { type: 'git', url: 'git://github.com/benjamn/install.git' },
197 silly resolved     main: 'install.js',
197 silly resolved     scripts:
197 silly resolved      { prepublish: 'scripts/prepublish.sh',
197 silly resolved        docs: 'scripts/docs.sh',
197 silly resolved        test: 'mocha --reporter spec --full-trace test/run.js' },
197 silly resolved     devDependencies: { docco: '^0.7.0', mocha: '^2.3.3', uglifyjs: '^2.4.10' },
197 silly resolved     engines: { node: '>= 0.10' },
197 silly resolved     gitHead: '22150d6f4c6184d086e4966af345d10b17452400',
197 silly resolved     bugs: { url: 'https://github.com/benjamn/install/issues' },
197 silly resolved     _id: 'install@0.3.0',
197 silly resolved     _shasum: 'aba652b4239c991780b499b95db459f6cfab009c',
197 silly resolved     _from: 'install@',
197 silly resolved     _npmVersion: '3.3.9',
197 silly resolved     _nodeVersion: '0.10.38',
197 silly resolved     _npmUser: { name: 'benjamn', email: 'bn@cs.stanford.edu' },
197 silly resolved     maintainers: [ [Object] ],
197 silly resolved     dist:
197 silly resolved      { shasum: 'aba652b4239c991780b499b95db459f6cfab009c',
197 silly resolved        tarball: 'http://registry.npmjs.org/install/-/install-0.3.0.tgz' },
197 silly resolved     directories: {},
197 silly resolved     _resolved: 'https://registry.npmjs.org/install/-/install-0.3.0.tgz' },
197 silly resolved   { name: 'babel',
197 silly resolved     version: '6.1.18',
197 silly resolved     description: 'Turn ES6 code into readable vanilla ES5 with source maps',
197 silly resolved     author: { name: 'Sebastian McKenzie', email: 'sebmck@gmail.com' },
197 silly resolved     homepage: 'https://babeljs.io/',
197 silly resolved     license: 'MIT',
197 silly resolved     repository:
197 silly resolved      { type: 'git',
197 silly resolved        url: 'https://github.com/babel/babel/tree/master/packages/babel' },
197 silly resolved     preferGlobal: true,
197 silly resolved     bin:
197 silly resolved      { babel: './cli.js',
197 silly resolved        'babel-node': './cli.js',
197 silly resolved        'babel-external-helpers': './cli.js' },
197 silly resolved     _id: 'babel@6.1.18',
197 silly resolved     scripts: {},
197 silly resolved     _shasum: '65997701beb11fdb4f41c5abb73876e652c8adc5',
197 silly resolved     _from: 'babel@',
197 silly resolved     _npmVersion: '3.3.10',
197 silly resolved     _nodeVersion: '4.1.0',
197 silly resolved     _npmUser: { name: 'sebmck', email: 'sebmck@gmail.com' },
197 silly resolved     dist:
197 silly resolved      { shasum: '65997701beb11fdb4f41c5abb73876e652c8adc5',
197 silly resolved        tarball: 'http://registry.npmjs.org/babel/-/babel-6.1.18.tgz' },
197 silly resolved     maintainers: [ [Object], [Object], [Object] ],
197 silly resolved     directories: {},
197 silly resolved     _resolved: 'https://registry.npmjs.org/babel/-/babel-6.1.18.tgz' },
197 silly resolved   { version: '3.4.0',
197 silly resolved     name: 'npm',
197 silly resolved     description: 'a package manager for JavaScript',
197 silly resolved     keywords: [ 'install', 'modules', 'package manager', 'package.json' ],
197 silly resolved     preferGlobal: true,
197 silly resolved     config: { publishtest: false },
197 silly resolved     homepage: 'https://docs.npmjs.com/',
197 silly resolved     author:
197 silly resolved      { name: 'Isaac Z. Schlueter',
197 silly resolved        email: 'i@izs.me',
197 silly resolved        url: 'http://blog.izs.me' },
197 silly resolved     repository: { type: 'git', url: 'git+https://github.com/npm/npm.git' },
197 silly resolved     bugs: { url: 'http://github.com/npm/npm/issues' },
197 silly resolved     directories: { bin: './bin', doc: './doc', lib: './lib', man: './man' },
197 silly resolved     main: './lib/npm.js',
197 silly resolved     bin: { npm: './bin/npm-cli.js' },
197 silly resolved     dependencies:
197 silly resolved      { abbrev: '~1.0.7',
197 silly resolved        ansicolors: '~0.3.2',
197 silly resolved        ansistyles: '~0.1.3',
197 silly resolved        aproba: '~1.0.1',
197 silly resolved        archy: '~1.0.0',
197 silly resolved        'async-some': '~1.0.2',
197 silly resolved        chownr: '~1.0.1',
197 silly resolved        'cmd-shim': '~2.0.1',
197 silly resolved        columnify: '~1.5.2',
197 silly resolved        'config-chain': '~1.1.9',
197 silly resolved        dezalgo: '~1.0.3',
197 silly resolved        editor: '~1.0.0',
197 silly resolved        'fs-vacuum': '~1.2.7',
197 silly resolved        'fs-write-stream-atomic': '~1.0.4',
197 silly resolved        fstream: '~1.0.8',
197 silly resolved        'fstream-npm': '~1.0.7',
197 silly resolved        glob: '~5.0.15',
197 silly resolved        'graceful-fs': '~4.1.2',
197 silly resolved        'has-unicode': '~1.0.1',
197 silly resolved        'hosted-git-info': '~2.1.4',
197 silly resolved        iferr: '~0.1.5',
197 silly resolved        inflight: '~1.0.4',
197 silly resolved        inherits: '~2.0.1',
197 silly resolved        ini: '~1.3.4',
197 silly resolved        'init-package-json': '~1.9.1',
197 silly resolved        lockfile: '~1.0.1',
197 silly resolved        'lodash.clonedeep': '~3.0.2',
197 silly resolved        'lodash.union': '~3.1.0',
197 silly resolved        'lodash.uniq': '~3.2.2',
197 silly resolved        'lodash.without': '~3.2.1',
197 silly resolved        mkdirp: '~0.5.1',
197 silly resolved        'node-gyp': '~3.0.3',
197 silly resolved        nopt: '~3.0.4',
197 silly resolved        'normalize-git-url': '~3.0.1',
197 silly resolved        'normalize-package-data': '~2.3.5',
197 silly resolved        'npm-cache-filename': '~1.0.2',
197 silly resolved        'npm-install-checks': '~2.0.1',
197 silly resolved        'npm-package-arg': '~4.0.2',
197 silly resolved        'npm-registry-client': '~7.0.7',
197 silly resolved        'npm-user-validate': '~0.1.2',
197 silly resolved        npmlog: '~2.0.0',
197 silly resolved        once: '~1.3.2',
197 silly resolved        opener: '~1.4.1',
197 silly resolved        osenv: '~0.1.3',
197 silly resolved        'path-is-inside': '~1.0.1',
197 silly resolved        read: '~1.0.7',
197 silly resolved        'read-cmd-shim': '~1.0.1',
197 silly resolved        'read-installed': '~4.0.3',
197 silly resolved        'read-package-json': '~2.0.2',
197 silly resolved        'read-package-tree': '~5.1.2',
197 silly resolved        'realize-package-specifier': '~3.0.1',
197 silly resolved        retry: '~0.8.0',
197 silly resolved        rimraf: '~2.4.3',
197 silly resolved        semver: '~5.0.3',
197 silly resolved        sha: '~2.0.1',
197 silly resolved        slide: '~1.1.6',
197 silly resolved        'sorted-object': '~1.0.0',
197 silly resolved        tar: '~2.2.1',
197 silly resolved        'text-table': '~0.2.0',
197 silly resolved        'uid-number': '0.0.6',
197 silly resolved        umask: '~1.1.0',
197 silly resolved        'unique-filename': '~1.0.0',
197 silly resolved        unpipe: '~1.0.0',
197 silly resolved        'validate-npm-package-name': '~2.2.2',
197 silly resolved        which: '~1.2.0',
197 silly resolved        wrappy: '~1.0.1',
197 silly resolved        'write-file-atomic': '~1.1.3',
197 silly resolved        'ansi-regex': '*',
197 silly resolved        debuglog: '*',
197 silly resolved        'lodash._baseindexof': '*',
197 silly resolved        'lodash._baseuniq': '*',
197 silly resolved        'lodash._bindcallback': '*',
197 silly resolved        'lodash._cacheindexof': '*',
197 silly resolved        'lodash._createcache': '*',
197 silly resolved        'lodash._getnative': '*',
197 silly resolved        'lodash.isarguments': '*',
197 silly resolved        'lodash.isarray': '*',
197 silly resolved        'lodash.keys': '*',
197 silly resolved        'lodash.restparam': '*',
197 silly resolved        'readdir-scoped-modules': '*',
197 silly resolved        request: '*',
197 silly resolved        'strip-ansi': '*',
197 silly resolved        'validate-npm-package-license': '*' },
197 silly resolved     bundleDependencies:
197 silly resolved      [ 'abbrev',
197 silly resolved        'ansi-regex',
197 silly resolved        'ansicolors',
197 silly resolved        'ansistyles',
197 silly resolved        'aproba',
197 silly resolved        'archy',
197 silly resolved        'async-some',
197 silly resolved        'chownr',
197 silly resolved        'cmd-shim',
197 silly resolved        'columnify',
197 silly resolved        'config-chain',
197 silly resolved        'debuglog',
197 silly resolved        'dezalgo',
197 silly resolved        'editor',
197 silly resolved        'fs-vacuum',
197 silly resolved        'fs-write-stream-atomic',
197 silly resolved        'fstream',
197 silly resolved        'fstream-npm',
197 silly resolved        'glob',
197 silly resolved        'graceful-fs',
197 silly resolved        'has-unicode',
197 silly resolved        'hosted-git-info',
197 silly resolved        'iferr',
197 silly resolved        'inflight',
197 silly resolved        'inherits',
197 silly resolved        'ini',
197 silly resolved        'init-package-json',
197 silly resolved        'lockfile',
197 silly resolved        'lodash._baseindexof',
197 silly resolved        'lodash._baseuniq',
197 silly resolved        'lodash._bindcallback',
197 silly resolved        'lodash._cacheindexof',
197 silly resolved        'lodash._createcache',
197 silly resolved        'lodash._getnative',
197 silly resolved        'lodash.clonedeep',
197 silly resolved        'lodash.isarguments',
197 silly resolved        'lodash.isarray',
197 silly resolved        'lodash.keys',
197 silly resolved        'lodash.restparam',
197 silly resolved        'lodash.union',
197 silly resolved        'lodash.uniq',
197 silly resolved        'lodash.without',
197 silly resolved        'mkdirp',
197 silly resolved        'node-gyp',
197 silly resolved        'nopt',
197 silly resolved        'normalize-git-url',
197 silly resolved        'normalize-package-data',
197 silly resolved        'npm-cache-filename',
197 silly resolved        'npm-install-checks',
197 silly resolved        'npm-package-arg',
197 silly resolved        'npm-registry-client',
197 silly resolved        'npm-user-validate',
197 silly resolved        'npmlog',
197 silly resolved        'once',
197 silly resolved        'opener',
197 silly resolved        'osenv',
197 silly resolved        'path-is-inside',
197 silly resolved        'read',
197 silly resolved        'read-cmd-shim',
197 silly resolved        'read-installed',
197 silly resolved        'read-package-json',
197 silly resolved        'read-package-tree',
197 silly resolved        'readdir-scoped-modules',
197 silly resolved        'realize-package-specifier',
197 silly resolved        'request',
197 silly resolved        'retry',
197 silly resolved        'rimraf',
197 silly resolved        'semver',
197 silly resolved        'sha',
197 silly resolved        'slide',
197 silly resolved        'sorted-object',
197 silly resolved        'strip-ansi',
197 silly resolved        'tar',
197 silly resolved        'text-table',
197 silly resolved        'uid-number',
197 silly resolved        'umask',
197 silly resolved        'unique-filename',
197 silly resolved        'unpipe',
197 silly resolved        'validate-npm-package-license',
197 silly resolved        'validate-npm-package-name',
197 silly resolved        'which',
197 silly resolved        'wrappy',
197 silly resolved        'write-file-atomic' ],
197 silly resolved     devDependencies:
197 silly resolved      { 'deep-equal': '~1.0.1',
197 silly resolved        marked: '~0.3.5',
197 silly resolved        'marked-man': '~0.1.5',
197 silly resolved        nock: '~2.17.0',
197 silly resolved        'npm-registry-couchapp': '~2.6.11',
197 silly resolved        'npm-registry-mock': '~1.0.1',
197 silly resolved        'readable-stream': '~2.0.2',
197 silly resolved        'require-inject': '~1.2.1',
197 silly resolved        'sprintf-js': '~1.0.3',
197 silly resolved        standard: '~5.3.1',
197 silly resolved        tap: '~2.2.0' },
197 silly resolved     scripts:
197 silly resolved      { dumpconf: 'env | grep npm | sort | uniq',
197 silly resolved        prepublish: 'node bin/npm-cli.js prune --prefix=. --no-global && rimraf test/*/*/node_modules && make -j4 doc',
197 silly resolved        preversion: 'bash scripts/update-authors.sh && git add AUTHORS && git commit -m "update AUTHORS" || true',
197 silly resolved        tap: 'tap --timeout 240',
197 silly resolved        test: 'standard && npm run test-tap',
197 silly resolved        'test-all': 'standard && npm run test-legacy && npm run test-tap',
197 silly resolved        'test-legacy': 'node ./test/run.js',
197 silly resolved        'test-tap': 'npm run tap -- "test/tap/*.js"',
197 silly resolved        'test-node': '"$NODE" ./test/run.js && "$NODE" "node_modules/.bin/tap" --timeout 240 "test/tap/*.js"' },
197 silly resolved     license: 'Artistic-2.0',
197 silly resolved     contributors:
197 silly resolved      [ [Object],
197 silly resolved        [Object],
197 silly resolved        [Object],
197 silly resolved        [Object],
197 silly resolved        [Object],
197 silly resolved        [Object],
197 silly resolved        [Object],
197 silly resolved        [Object],
197 silly resolved        [Object],
197 silly resolved        [Object],
197 silly resolved        [Object],
197 silly resolved        [Object],
197 silly resolved        [Object],
197 silly resolved        [Object],
197 silly resolved        [Object],
197 silly resolved        [Object],
197 silly resolved        [Object],
197 silly resolved        [Object],
197 silly resolved        [Object],
197 silly resolved        [Object],
197 silly resolved        [Object],
197 silly resolved        [Object],
197 silly resolved        [Object],
197 silly resolved        [Object],
197 silly resolved        [Object],
197 silly resolved        [Object],
197 silly resolved        [Object],
197 silly resolved        [Object],
197 silly resolved        [Object],
197 silly resolved        [Object],
197 silly resolved        [Object],
197 silly resolved        [Object],
197 silly resolved        [Object],
197 silly resolved        [Object],
197 silly resolved        [Object],
197 silly resolved        [Object],
197 silly resolved        [Object],
197 silly resolved        [Object],
197 silly resolved        [Object],
197 silly resolved        [Object],
197 silly resolved        [Object],
197 silly resolved        [Object],
197 silly resolved        [Object],
197 silly resolved        [Object],
197 silly resolved        [Object],
197 silly resolved        [Object],
197 silly resolved        [Object],
197 silly resolved        [Object],
197 silly resolved        [Object],
197 silly resolved        [Object],
197 silly resolved        [Object],
197 silly resolved        [Object],
197 silly resolved        [Object],
197 silly resolved        [Object],
197 silly resolved        [Object],
197 silly resolved        [Object],
197 silly resolved        [Object],
197 silly resolved        [Object],
197 silly resolved        [Object],
197 silly resolved        [Object],
197 silly resolved        [Object],
197 silly resolved        [Object],
197 silly resolved        [Object],
197 silly resolved        [Object],
197 silly resolved        [Object],
197 silly resolved        [Object],
197 silly resolved        [Object],
197 silly resolved        [Object],
197 silly resolved        [Object],
197 silly resolved        [Object],
197 silly resolved        [Object],
197 silly resolved        [Object],
197 silly resolved        [Object],
197 silly resolved        [Object],
197 silly resolved        [Object],
197 silly resolved        [Object],
197 silly resolved        [Object],
197 silly resolved        [Object],
197 silly resolved        [Object],
197 silly resolved        [Object],
197 silly resolved        [Object],
197 silly resolved        [Object],
197 silly resolved        [Object],
197 silly resolved        [Object],
197 silly resolved        [Object],
197 silly resolved        [Object],
197 silly resolved        [Object],
197 silly resolved        [Object],
197 silly resolved        [Object],
197 silly resolved        [Object],
197 silly resolved        [Object],
197 silly resolved        [Object],
197 silly resolved        [Object],
197 silly resolved        [Object],
197 silly resolved        [Object],
197 silly resolved        [Object],
197 silly resolved        [Object],
197 silly resolved        [Object],
197 silly resolved        [Object],
197 silly resolved        [Object],
197 silly resolved        [Object],
197 silly resolved        [Object],
197 silly resolved        [Object],
197 silly resolved        [Object],
197 silly resolved        [Object],
197 silly resolved        [Object],
197 silly resolved        [Object],
197 silly resolved        [Object],
197 silly resolved        [Object],
197 silly resolved        [Object],
197 silly resolved        [Object],
197 silly resolved        [Object],
197 silly resolved        [Object],
197 silly resolved        [Object],
197 silly resolved        [Object],
197 silly resolved        [Object],
197 silly resolved        [Object],
197 silly resolved        [Object],
197 silly resolved        [Object],
197 silly resolved        [Object],
197 silly resolved        [Object],
197 silly resolved        [Object],
197 silly resolved        [Object],
197 silly resolved        [Object],
197 silly resolved        [Object],
197 silly resolved        [Object],
197 silly resolved        [Object],
197 silly resolved        [Object],
197 silly resolved        [Object],
197 silly resolved        [Object],
197 silly resolved        [Object],
197 silly resolved        [Object],
197 silly resolved        [Object],
197 silly resolved        [Object],
197 silly resolved        [Object],
197 silly resolved        [Object],
197 silly resolved        [Object],
197 silly resolved        [Object],
197 silly resolved        [Object],
197 silly resolved        [Object],
197 silly resolved        [Object],
197 silly resolved        [Object],
197 silly resolved        [Object],
197 silly resolved        [Object],
197 silly resolved        [Object],
197 silly resolved        [Object],
197 silly resolved        [Object],
197 silly resolved        [Object],
197 silly resolved        [Object],
197 silly resolved        [Object],
197 silly resolved        [Object],
197 silly resolved        [Object],
197 silly resolved        [Object],
197 silly resolved        [Object],
197 silly resolved        [Object],
197 silly resolved        [Object],
197 silly resolved        [Object],
197 silly resolved        [Object],
197 silly resolved        [Object],
197 silly resolved        [Object],
197 silly resolved        [Object],
197 silly resolved        [Object],
197 silly resolved        [Object],
197 silly resolved        [Object],
197 silly resolved        [Object],
197 silly resolved        [Object],
197 silly resolved        [Object],
197 silly resolved        [Object],
197 silly resolved        [Object],
197 silly resolved        [Object],
197 silly resolved        [Object],
197 silly resolved        [Object],
197 silly resolved        [Object],
197 silly resolved        [Object],
197 silly resolved        [Object],
197 silly resolved        [Object],
197 silly resolved        [Object],
197 silly resolved        [Object],
197 silly resolved        [Object],
197 silly resolved        [Object],
197 silly resolved        [Object],
197 silly resolved        [Object],
197 silly resolved        [Object],
197 silly resolved        [Object],
197 silly resolved        [Object],
197 silly resolved        [Object],
197 silly resolved        [Object],
197 silly resolved        [Object],
197 silly resolved        [Object],
197 silly resolved        [Object],
197 silly resolved        [Object],
197 silly resolved        [Object],
197 silly resolved        [Object],
197 silly resolved        [Object],
197 silly resolved        [Object],
197 silly resolved        [Object],
197 silly resolved        [Object],
197 silly resolved        [Object],
197 silly resolved        [Object],
197 silly resolved        [Object],
197 silly resolved        [Object],
197 silly resolved        [Object],
197 silly resolved        [Object],
197 silly resolved        [Object],
197 silly resolved        [Object],
197 silly resolved        [Object],
197 silly resolved        [Object],
197 silly resolved        [Object],
197 silly resolved        [Object],
197 silly resolved        [Object],
197 silly resolved        [Object],
197 silly resolved        [Object],
197 silly resolved        [Object],
197 silly resolved        [Object],
197 silly resolved        [Object],
197 silly resolved        [Object],
197 silly resolved        [Object],
197 silly resolved        [Object],
197 silly resolved        [Object],
197 silly resolved        [Object],
197 silly resolved        [Object],
197 silly resolved        [Object],
197 silly resolved        [Object],
197 silly resolved        [Object],
197 silly resolved        [Object],
197 silly resolved        [Object],
197 silly resolved        [Object],
197 silly resolved        [Object],
197 silly resolved        [Object],
197 silly resolved        [Object],
197 silly resolved        [Object],
197 silly resolved        [Object],
197 silly resolved        [Object],
197 silly resolved        [Object],
197 silly resolved        [Object],
197 silly resolved        [Object],
197 silly resolved        [Object],
197 silly resolved        [Object],
197 silly resolved        [Object],
197 silly resolved        [Object],
197 silly resolved        [Object],
197 silly resolved        [Object],
197 silly resolved        [Object],
197 silly resolved        [Object],
197 silly resolved        [Object],
197 silly resolved        [Object],
197 silly resolved        [Object],
197 silly resolved        [Object],
197 silly resolved        [Object],
197 silly resolved        [Object],
197 silly resolved        [Object],
197 silly resolved        [Object],
197 silly resolved        [Object],
197 silly resolved        [Object],
197 silly resolved        [Object],
197 silly resolved        [Object],
197 silly resolved        [Object],
197 silly resolved        [Object],
197 silly resolved        [Object],
197 silly resolved        [Object],
197 silly resolved        [Object],
197 silly resolved        [Object],
197 silly resolved        [Object],
197 silly resolved        [Object],
197 silly resolved        [Object],
197 silly resolved        [Object],
197 silly resolved        [Object],
197 silly resolved        [Object],
197 silly resolved        [Object],
197 silly resolved        [Object],
197 silly resolved        [Object],
197 silly resolved        [Object],
197 silly resolved        [Object],
197 silly resolved        [Object],
197 silly resolved        [Object],
197 silly resolved        [Object],
197 silly resolved        [Object],
197 silly resolved        [Object],
197 silly resolved        [Object],
197 silly resolved        [Object],
197 silly resolved        [Object],
197 silly resolved        [Object],
197 silly resolved        [Object],
197 silly resolved        [Object],
197 silly resolved        [Object],
197 silly resolved        [Object],
197 silly resolved        [Object],
197 silly resolved        [Object],
197 silly resolved        [Object],
197 silly resolved        [Object],
197 silly resolved        [Object],
197 silly resolved        [Object],
197 silly resolved        [Object],
197 silly resolved        [Object],
197 silly resolved        [Object],
197 silly resolved        [Object],
197 silly resolved        [Object],
197 silly resolved        [Object],
197 silly resolved        [Object],
197 silly resolved        [Object],
197 silly resolved        [Object],
197 silly resolved        [Object],
197 silly resolved        [Object],
197 silly resolved        [Object],
197 silly resolved        [Object],
197 silly resolved        [Object],
197 silly resolved        [Object],
197 silly resolved        [Object],
197 silly resolved        [Object],
197 silly resolved        [Object],
197 silly resolved        [Object],
197 silly resolved        [Object],
197 silly resolved        [Object],
197 silly resolved        [Object],
197 silly resolved        [Object],
197 silly resolved        [Object],
197 silly resolved        [Object],
197 silly resolved        [Object],
197 silly resolved        [Object],
197 silly resolved        [Object],
197 silly resolved        [Object],
197 silly resolved        [Object],
197 silly resolved        [Object],
197 silly resolved        [Object],
197 silly resolved        [Object],
197 silly resolved        [Object],
197 silly resolved        [Object],
197 silly resolved        [Object] ],
197 silly resolved     man:
197 silly resolved      [ '/Users/rebecca/code/release/npm-3/man/man1/npm-access.1',
197 silly resolved        '/Users/rebecca/code/release/npm-3/man/man1/npm-adduser.1',
197 silly resolved        '/Users/rebecca/code/release/npm-3/man/man1/npm-bin.1',
197 silly resolved        '/Users/rebecca/code/release/npm-3/man/man1/npm-bugs.1',
197 silly resolved        '/Users/rebecca/code/release/npm-3/man/man1/npm-build.1',
197 silly resolved        '/Users/rebecca/code/release/npm-3/man/man1/npm-bundle.1',
197 silly resolved        '/Users/rebecca/code/release/npm-3/man/man1/npm-cache.1',
197 silly resolved        '/Users/rebecca/code/release/npm-3/man/man1/npm-completion.1',
197 silly resolved        '/Users/rebecca/code/release/npm-3/man/man1/npm-config.1',
197 silly resolved        '/Users/rebecca/code/release/npm-3/man/man1/npm-dedupe.1',
197 silly resolved        '/Users/rebecca/code/release/npm-3/man/man1/npm-deprecate.1',
197 silly resolved        '/Users/rebecca/code/release/npm-3/man/man1/npm-dist-tag.1',
197 silly resolved        '/Users/rebecca/code/release/npm-3/man/man1/npm-docs.1',
197 silly resolved        '/Users/rebecca/code/release/npm-3/man/man1/npm-edit.1',
197 silly resolved        '/Users/rebecca/code/release/npm-3/man/man1/npm-explore.1',
197 silly resolved        '/Users/rebecca/code/release/npm-3/man/man1/npm-help-search.1',
197 silly resolved        '/Users/rebecca/code/release/npm-3/man/man1/npm-help.1',
197 silly resolved        '/Users/rebecca/code/release/npm-3/man/man1/npm-init.1',
197 silly resolved        '/Users/rebecca/code/release/npm-3/man/man1/npm-install-test.1',
197 silly resolved        '/Users/rebecca/code/release/npm-3/man/man1/npm-install.1',
197 silly resolved        '/Users/rebecca/code/release/npm-3/man/man1/npm-link.1',
197 silly resolved        '/Users/rebecca/code/release/npm-3/man/man1/npm-logout.1',
197 silly resolved        '/Users/rebecca/code/release/npm-3/man/man1/npm-ls.1',
197 silly resolved        '/Users/rebecca/code/release/npm-3/man/man1/npm-outdated.1',
197 silly resolved        '/Users/rebecca/code/release/npm-3/man/man1/npm-owner.1',
197 silly resolved        '/Users/rebecca/code/release/npm-3/man/man1/npm-pack.1',
197 silly resolved        '/Users/rebecca/code/release/npm-3/man/man1/npm-ping.1',
197 silly resolved        '/Users/rebecca/code/release/npm-3/man/man1/npm-prefix.1',
197 silly resolved        '/Users/rebecca/code/release/npm-3/man/man1/npm-prune.1',
197 silly resolved        '/Users/rebecca/code/release/npm-3/man/man1/npm-publish.1',
197 silly resolved        '/Users/rebecca/code/release/npm-3/man/man1/npm-README.1',
197 silly resolved        '/Users/rebecca/code/release/npm-3/man/man1/npm-rebuild.1',
197 silly resolved        '/Users/rebecca/code/release/npm-3/man/man1/npm-repo.1',
197 silly resolved        '/Users/rebecca/code/release/npm-3/man/man1/npm-restart.1',
197 silly resolved        '/Users/rebecca/code/release/npm-3/man/man1/npm-rm.1',
197 silly resolved        '/Users/rebecca/code/release/npm-3/man/man1/npm-root.1',
197 silly resolved        '/Users/rebecca/code/release/npm-3/man/man1/npm-run-script.1',
197 silly resolved        '/Users/rebecca/code/release/npm-3/man/man1/npm-search.1',
197 silly resolved        '/Users/rebecca/code/release/npm-3/man/man1/npm-shrinkwrap.1',
197 silly resolved        '/Users/rebecca/code/release/npm-3/man/man1/npm-star.1',
197 silly resolved        '/Users/rebecca/code/release/npm-3/man/man1/npm-stars.1',
197 silly resolved        '/Users/rebecca/code/release/npm-3/man/man1/npm-start.1',
197 silly resolved        '/Users/rebecca/code/release/npm-3/man/man1/npm-stop.1',
197 silly resolved        '/Users/rebecca/code/release/npm-3/man/man1/npm-tag.1',
197 silly resolved        '/Users/rebecca/code/release/npm-3/man/man1/npm-team.1',
197 silly resolved        '/Users/rebecca/code/release/npm-3/man/man1/npm-test.1',
197 silly resolved        '/Users/rebecca/code/release/npm-3/man/man1/npm-uninstall.1',
197 silly resolved        '/Users/rebecca/code/release/npm-3/man/man1/npm-unpublish.1',
197 silly resolved        '/Users/rebecca/code/release/npm-3/man/man1/npm-update.1',
197 silly resolved        '/Users/rebecca/code/release/npm-3/man/man1/npm-version.1',
197 silly resolved        '/Users/rebecca/code/release/npm-3/man/man1/npm-view.1',
197 silly resolved        '/Users/rebecca/code/release/npm-3/man/man1/npm-whoami.1',
197 silly resolved        '/Users/rebecca/code/release/npm-3/man/man1/npm.1',
197 silly resolved        '/Users/rebecca/code/release/npm-3/man/man3/npm-bin.3',
197 silly resolved        '/Users/rebecca/code/release/npm-3/man/man3/npm-bugs.3',
197 silly resolved        '/Users/rebecca/code/release/npm-3/man/man3/npm-cache.3',
197 silly resolved        '/Users/rebecca/code/release/npm-3/man/man3/npm-commands.3',
197 silly resolved        '/Users/rebecca/code/release/npm-3/man/man3/npm-config.3',
197 silly resolved        '/Users/rebecca/code/release/npm-3/man/man3/npm-deprecate.3',
197 silly resolved        '/Users/rebecca/code/release/npm-3/man/man3/npm-docs.3',
197 silly resolved        '/Users/rebecca/code/release/npm-3/man/man3/npm-edit.3',
197 silly resolved        '/Users/rebecca/code/release/npm-3/man/man3/npm-explore.3',
197 silly resolved        '/Users/rebecca/code/release/npm-3/man/man3/npm-help-search.3',
197 silly resolved        '/Users/rebecca/code/release/npm-3/man/man3/npm-init.3',
197 silly resolved        '/Users/rebecca/code/release/npm-3/man/man3/npm-install.3',
197 silly resolved        '/Users/rebecca/code/release/npm-3/man/man3/npm-link.3',
197 silly resolved        '/Users/rebecca/code/release/npm-3/man/man3/npm-load.3',
197 silly resolved        '/Users/rebecca/code/release/npm-3/man/man3/npm-ls.3',
197 silly resolved        '/Users/rebecca/code/release/npm-3/man/man3/npm-outdated.3',
197 silly resolved        '/Users/rebecca/code/release/npm-3/man/man3/npm-owner.3',
197 silly resolved        '/Users/rebecca/code/release/npm-3/man/man3/npm-pack.3',
197 silly resolved        '/Users/rebecca/code/release/npm-3/man/man3/npm-prefix.3',
197 silly resolved        '/Users/rebecca/code/release/npm-3/man/man3/npm-prune.3',
197 silly resolved        '/Users/rebecca/code/release/npm-3/man/man3/npm-publish.3',
197 silly resolved        '/Users/rebecca/code/release/npm-3/man/man3/npm-rebuild.3',
197 silly resolved        '/Users/rebecca/code/release/npm-3/man/man3/npm-repo.3',
197 silly resolved        '/Users/rebecca/code/release/npm-3/man/man3/npm-restart.3',
197 silly resolved        '/Users/rebecca/code/release/npm-3/man/man3/npm-root.3',
197 silly resolved        '/Users/rebecca/code/release/npm-3/man/man3/npm-run-script.3',
197 silly resolved        '/Users/rebecca/code/release/npm-3/man/man3/npm-search.3',
197 silly resolved        '/Users/rebecca/code/release/npm-3/man/man3/npm-shrinkwrap.3',
197 silly resolved        '/Users/rebecca/code/release/npm-3/man/man3/npm-start.3',
197 silly resolved        '/Users/rebecca/code/release/npm-3/man/man3/npm-stop.3',
197 silly resolved        '/Users/rebecca/code/release/npm-3/man/man3/npm-tag.3',
197 silly resolved        '/Users/rebecca/code/release/npm-3/man/man3/npm-test.3',
197 silly resolved        '/Users/rebecca/code/release/npm-3/man/man3/npm-uninstall.3',
197 silly resolved        '/Users/rebecca/code/release/npm-3/man/man3/npm-unpublish.3',
197 silly resolved        '/Users/rebecca/code/release/npm-3/man/man3/npm-update.3',
197 silly resolved        '/Users/rebecca/code/release/npm-3/man/man3/npm-version.3',
197 silly resolved        '/Users/rebecca/code/release/npm-3/man/man3/npm-view.3',
197 silly resolved        '/Users/rebecca/code/release/npm-3/man/man3/npm-whoami.3',
197 silly resolved        '/Users/rebecca/code/release/npm-3/man/man3/npm.3',
197 silly resolved        '/Users/rebecca/code/release/npm-3/man/man5/npm-folders.5',
197 silly resolved        '/Users/rebecca/code/release/npm-3/man/man5/npm-global.5',
197 silly resolved        '/Users/rebecca/code/release/npm-3/man/man5/npm-json.5',
197 silly resolved        '/Users/rebecca/code/release/npm-3/man/man5/npmrc.5',
197 silly resolved        '/Users/rebecca/code/release/npm-3/man/man5/package.json.5',
197 silly resolved        '/Users/rebecca/code/release/npm-3/man/man7/npm-coding-style.7',
197 silly resolved        '/Users/rebecca/code/release/npm-3/man/man7/npm-config.7',
197 silly resolved        '/Users/rebecca/code/release/npm-3/man/man7/npm-developers.7',
197 silly resolved        '/Users/rebecca/code/release/npm-3/man/man7/npm-disputes.7',
197 silly resolved        '/Users/rebecca/code/release/npm-3/man/man7/npm-faq.7',
197 silly resolved        '/Users/rebecca/code/release/npm-3/man/man7/npm-index.7',
197 silly resolved        '/Users/rebecca/code/release/npm-3/man/man7/npm-orgs.7',
197 silly resolved        '/Users/rebecca/code/release/npm-3/man/man7/npm-registry.7',
197 silly resolved        '/Users/rebecca/code/release/npm-3/man/man7/npm-scope.7',
197 silly resolved        '/Users/rebecca/code/release/npm-3/man/man7/npm-scripts.7',
197 silly resolved        '/Users/rebecca/code/release/npm-3/man/man7/removing-npm.7',
197 silly resolved        '/Users/rebecca/code/release/npm-3/man/man7/semver.7' ],
197 silly resolved     gitHead: '3290eeacf7985fafadb108bf6e184037b5c5df34',
197 silly resolved     _id: 'npm@3.4.0',
197 silly resolved     _shasum: '6b561d38ee95877a2128e739021874b77cbb4e5c',
197 silly resolved     _from: 'npm@',
197 silly resolved     _npmVersion: '3.4.0',
197 silly resolved     _nodeVersion: '5.0.0',
197 silly resolved     _npmUser: { name: 'iarna', email: 'me@re-becca.org' },
197 silly resolved     dist:
197 silly resolved      { shasum: '6b561d38ee95877a2128e739021874b77cbb4e5c',
197 silly resolved        tarball: 'http://registry.npmjs.org/npm/-/npm-3.4.0.tgz' },
197 silly resolved     maintainers: [ [Object], [Object], [Object], [Object] ],
197 silly resolved     _resolved: 'https://registry.npmjs.org/npm/-/npm-3.4.0.tgz' } ]
198 info install webpack-dev-server@1.12.1 into /usr/local/lib
199 info install webpack@1.12.6 into /usr/local/lib
200 info install install@0.3.0 into /usr/local/lib
201 info install babel@6.1.18 into /usr/local/lib
202 info install npm@3.4.0 into /usr/local/lib
203 info installOne webpack-dev-server@1.12.1
204 info installOne webpack@1.12.6
205 info installOne install@0.3.0
206 info installOne babel@6.1.18
207 info installOne npm@3.4.0
208 info /usr/local/lib/node_modules/webpack-dev-server unbuild
209 info /usr/local/lib/node_modules/install unbuild
210 info /usr/local/lib/node_modules/babel unbuild
211 verbose tar unpack /Users/tmerry/.npm/webpack-dev-server/1.12.1/package.tgz
212 silly lockFile d5016488--node-modules-webpack-dev-server tar:///usr/local/lib/node_modules/webpack-dev-server
213 verbose lock tar:///usr/local/lib/node_modules/webpack-dev-server /Users/tmerry/.npm/d5016488--node-modules-webpack-dev-server.lock
214 silly lockFile d645ef2e-ck-dev-server-1-12-1-package-tgz tar:///Users/tmerry/.npm/webpack-dev-server/1.12.1/package.tgz
215 verbose lock tar:///Users/tmerry/.npm/webpack-dev-server/1.12.1/package.tgz /Users/tmerry/.npm/d645ef2e-ck-dev-server-1-12-1-package-tgz.lock
216 verbose tar unpack /Users/tmerry/.npm/install/0.3.0/package.tgz
217 silly lockFile 6cd0b854-r-local-lib-node-modules-install tar:///usr/local/lib/node_modules/install
218 verbose lock tar:///usr/local/lib/node_modules/install /Users/tmerry/.npm/6cd0b854-r-local-lib-node-modules-install.lock
219 silly lockFile 7cca6089-ry-npm-install-0-3-0-package-tgz tar:///Users/tmerry/.npm/install/0.3.0/package.tgz
220 verbose lock tar:///Users/tmerry/.npm/install/0.3.0/package.tgz /Users/tmerry/.npm/7cca6089-ry-npm-install-0-3-0-package-tgz.lock
221 verbose tar unpack /Users/tmerry/.npm/babel/6.1.18/package.tgz
222 silly lockFile e23af4e5-usr-local-lib-node-modules-babel tar:///usr/local/lib/node_modules/babel
223 verbose lock tar:///usr/local/lib/node_modules/babel /Users/tmerry/.npm/e23af4e5-usr-local-lib-node-modules-babel.lock
224 silly lockFile d62957c2-rry-npm-babel-6-1-18-package-tgz tar:///Users/tmerry/.npm/babel/6.1.18/package.tgz
225 verbose lock tar:///Users/tmerry/.npm/babel/6.1.18/package.tgz /Users/tmerry/.npm/d62957c2-rry-npm-babel-6-1-18-package-tgz.lock
226 info /usr/local/lib/node_modules/webpack unbuild
227 info /usr/local/lib/node_modules/npm unbuild
228 silly gunzTarPerm modes [ '755', '644' ]
229 silly gunzTarPerm modes [ '755', '644' ]
230 silly gunzTarPerm modes [ '755', '644' ]
231 info preuninstall webpack@1.12.1
232 info uninstall webpack@1.12.1
233 error Error: EACCES, mkdir '/usr/local/lib/node_modules/webpack-dev-server'
233 error  { [Error: EACCES, mkdir '/usr/local/lib/node_modules/webpack-dev-server']
233 error   errno: 3,
233 error   code: 'EACCES',
233 error   path: '/usr/local/lib/node_modules/webpack-dev-server',
233 error   fstream_type: 'Directory',
233 error   fstream_path: '/usr/local/lib/node_modules/webpack-dev-server',
233 error   fstream_class: 'DirWriter',
233 error   fstream_stack:
233 error    [ '/usr/local/lib/node_modules/npm/node_modules/fstream/lib/dir-writer.js:36:23',
233 error      '/usr/local/lib/node_modules/npm/node_modules/mkdirp/index.js:37:53',
233 error      'Object.oncomplete (fs.js:107:15)' ] }
234 error Please try running this command again as root/Administrator.
235 error System Darwin 15.0.0
236 error command "/usr/local/bin/node" "/usr/local/bin/npm" "install" "npm" "install" "babel" "webpack" "webpack-dev-server" "-g"
237 error cwd /Users/tmerry/Desktop/Projects/fluxDemo
238 error node -v v0.10.29
239 error npm -v 1.4.14
240 error path /usr/local/lib/node_modules/webpack-dev-server
241 error fstream_path /usr/local/lib/node_modules/webpack-dev-server
242 error fstream_type Directory
243 error fstream_class DirWriter
244 error code EACCES
245 error errno 3
246 error stack Error: EACCES, mkdir '/usr/local/lib/node_modules/webpack-dev-server'
247 error fstream_stack /usr/local/lib/node_modules/npm/node_modules/fstream/lib/dir-writer.js:36:23
247 error fstream_stack /usr/local/lib/node_modules/npm/node_modules/mkdirp/index.js:37:53
247 error fstream_stack Object.oncomplete (fs.js:107:15)
248 verbose exit [ 3, true ]
